2020-02-19 18:40:24,947 -/Users/water/gin/git/generator/generator/tool/generatorCase.py[line:37] -WARNING:case_generator.ini
2020-02-19 18:40:25,034 -/Users/water/gin/git/generator/generator/tool/operateMysqlClass.py[line:47] -WARNING:connect mysql successful!!
2020-02-19 18:40:25,191 -/Users/water/gin/git/generator/generator/tool/operateMysqlClass.py[line:70] -WARNING:case_id:24230005&step:16001&&(扣除额规则)发票签章-扣除额规则控制验证-KCE正确-->插入成功
2020-02-19 18:40:25,193 -/Users/water/gin/git/generator/generator/tool/operateMysqlClass.py[line:70] -WARNING:case_id:24230005&step:16003&&(扣除额规则)发票签章-扣除额规则控制验证-KCE扣除额不正确-->插入成功
2020-02-19 18:40:25,196 -/Users/water/gin/git/generator/generator/tool/operateMysqlClass.py[line:70] -WARNING:case_id:24230005&step:16005&&(扣除额规则)发票签章-扣除额规则控制验证-KCE正确-->插入成功
2020-02-19 18:40:25,198 -/Users/water/gin/git/generator/generator/tool/operateMysqlClass.py[line:70] -WARNING:case_id:24230005&step:16007&&(扣除额规则)发票签章-扣除额规则控制验证-KCE税率不正确-->插入成功
2020-02-19 18:40:25,200 -/Users/water/gin/git/generator/generator/tool/operateMysqlClass.py[line:70] -WARNING:case_id:24230005&step:16009&&(扣除额规则)发票签章-扣除额规则控制验证-KCE税额不正确多1-->插入成功
2020-02-19 18:40:25,203 -/Users/water/gin/git/generator/generator/tool/operateMysqlClass.py[line:70] -WARNING:case_id:24230005&step:16011&&(扣除额规则)发票签章-扣除额规则控制验证-KCE税额不正确多0.06-->插入成功
2020-02-19 18:40:25,207 -/Users/water/gin/git/generator/generator/tool/operateMysqlClass.py[line:70] -WARNING:case_id:24230005&step:16013&&(扣除额规则)发票签章-扣除额规则控制验证-KCE税额不正确多0.07-->插入成功
2020-02-19 18:40:25,210 -/Users/water/gin/git/generator/generator/tool/operateMysqlClass.py[line:70] -WARNING:case_id:24230005&step:16015&&(扣除额规则)发票签章-扣除额规则控制验证-KCE税额不正确少0.06-->插入成功
2020-02-19 18:40:25,213 -/Users/water/gin/git/generator/generator/tool/operateMysqlClass.py[line:70] -WARNING:case_id:24230005&step:16017&&(扣除额规则)发票签章-扣除额规则控制验证-KCE税额不正确少0.07-->插入成功
2020-02-19 18:40:25,217 -/Users/water/gin/git/generator/generator/tool/operateMysqlClass.py[line:70] -WARNING:case_id:24230005&step:16019&&(扣除额规则)发票签章-扣除额规则控制验证-KCE蓝票扣除额大于不含税金额-->插入成功
2020-02-19 18:40:25,223 -/Users/water/gin/git/generator/generator/tool/operateMysqlClass.py[line:70] -WARNING:case_id:24230005&step:16021&&(扣除额规则)发票签章-扣除额规则控制验证-KCE蓝票扣除额等于不含税金额-->插入成功
2020-02-19 18:40:25,227 -/Users/water/gin/git/generator/generator/tool/operateMysqlClass.py[line:70] -WARNING:case_id:24230005&step:16023&&(扣除额规则)发票签章-扣除额规则控制验证-KCE为全角数字-->插入成功
2020-02-19 18:40:25,230 -/Users/water/gin/git/generator/generator/tool/operateMysqlClass.py[line:70] -WARNING:case_id:24230005&step:16025&&(扣除额规则)发票签章-扣除额规则控制验证-KCE为汉字-->插入成功
2020-02-19 18:40:25,235 -/Users/water/gin/git/generator/generator/tool/operateMysqlClass.py[line:70] -WARNING:case_id:24230005&step:16027&&(扣除额规则)发票签章-扣除额规则控制验证-KCE为特殊字符-->插入成功
2020-02-19 18:40:25,240 -/Users/water/gin/git/generator/generator/tool/operateMysqlClass.py[line:70] -WARNING:case_id:24230005&step:16029&&(扣除额规则)发票签章-扣除额规则控制验证-KCE没有折扣多条商品行-->插入成功
2020-02-19 18:40:25,244 -/Users/water/gin/git/generator/generator/tool/operateMysqlClass.py[line:70] -WARNING:case_id:24230005&step:16031&&(差额征税规则)发票签章-差额征税规则验证-编码表版本号为空但扣除额有值F-->插入成功
2020-02-19 18:40:25,246 -/Users/water/gin/git/generator/generator/tool/operateMysqlClass.py[line:70] -WARNING:case_id:24230005&step:16033&&(差额征税规则)发票签章-差额征税规则验证-编码表版本号不为空但扣除额为空T-->插入成功
2020-02-19 18:40:25,249 -/Users/water/gin/git/generator/generator/tool/operateMysqlClass.py[line:70] -WARNING:case_id:24230005&step:16035&&(差额征税规则)发票签章-差额征税规则验证-差额征税备注只有汉字无金额F-->插入成功
2020-02-19 18:40:25,254 -/Users/water/gin/git/generator/generator/tool/operateMysqlClass.py[line:70] -WARNING:case_id:24230005&step:16037&&(差额征税规则)发票签章-差额征税规则验证-差额征税备注只有汉字与金额无句号F-->插入成功
2020-02-19 18:40:25,259 -/Users/water/gin/git/generator/generator/tool/operateMysqlClass.py[line:70] -WARNING:case_id:24230005&step:16039&&(差额征税规则)发票签章-差额征税规则验证-差额征税备注金额错误（多1分）F-->插入成功
2020-02-19 18:40:25,263 -/Users/water/gin/git/generator/generator/tool/operateMysqlClass.py[line:70] -WARNING:case_id:24230005&step:16041&&(差额征税规则)发票签章-差额征税规则验证-差额征税红字发票正确备注T-->插入成功
2020-02-19 18:40:25,266 -/Users/water/gin/git/generator/generator/tool/operateMysqlClass.py[line:70] -WARNING:case_id:24230005&step:16043&&(差额征税规则)发票签章-差额征税规则验证-差额征税红字发票备注汉字正确少句号F-->插入成功
2020-02-19 18:40:25,270 -/Users/water/gin/git/generator/generator/tool/operateMysqlClass.py[line:70] -WARNING:case_id:24230005&step:16045&&(差额征税规则)发票签章-差额征税规则验证-差额征税红字发票扣除额为正数F-->插入成功
2020-02-19 18:40:25,275 -/Users/water/gin/git/generator/generator/tool/operateMysqlClass.py[line:70] -WARNING:case_id:24230005&step:16047&&(差额征税规则)发票签章-差额征税规则验证-差额征税红字发票扣除额为0T-->插入成功
2020-02-19 18:40:25,281 -/Users/water/gin/git/generator/generator/tool/operateMysqlClass.py[line:70] -WARNING:case_id:24230005&step:16049&&(差额征税规则)发票签章-差额征税规则验证-差额征税红字发票扣除额大于商品不含税金额F-->插入成功
2020-02-19 18:40:25,284 -/Users/water/gin/git/generator/generator/tool/operateMysqlClass.py[line:70] -WARNING:case_id:24230005&step:16051&&(差额征税规则)发票签章-差额征税规则验证-差额征税含税标识为1时税额计算正确T-->插入成功
2020-02-19 18:40:25,286 -/Users/water/gin/git/generator/generator/tool/operateMysqlClass.py[line:70] -WARNING:case_id:24230005&step:16053&&(差额征税规则)发票签章-差额征税规则验证-差额征税含税标识为1时扣除额与税额计算正确T-->插入成功
2020-02-19 18:40:25,291 -/Users/water/gin/git/generator/generator/tool/operateMysqlClass.py[line:70] -WARNING:case_id:24230005&step:16055&&(差额征税规则)发票签章-差额征税规则验证-差额征税蓝字发票两条商品行一一每条均有扣除额F-->插入成功
2020-02-19 18:40:25,294 -/Users/water/gin/git/generator/generator/tool/operateMysqlClass.py[line:70] -WARNING:case_id:24230005&step:16057&&(差额征税规则)发票签章-差额征税规则验证-差额征税蓝字发票两条商品行一一只有一条有扣除额F-->插入成功
2020-02-19 18:40:25,299 -/Users/water/gin/git/generator/generator/tool/operateMysqlClass.py[line:70] -WARNING:case_id:24230005&step:16059&&(差额征税规则)发票签章-差额征税规则验证-差额征税蓝字发票三条商品行一一每条均有扣除额F-->插入成功
2020-02-19 18:40:25,303 -/Users/water/gin/git/generator/generator/tool/operateMysqlClass.py[line:70] -WARNING:case_id:24230005&step:16061&&(差额征税规则)发票签章-差额征税规则验证-差额征税蓝字发票允许一条被折扣行一条折扣行T-->插入成功
2020-02-19 18:40:25,308 -/Users/water/gin/git/generator/generator/tool/operateMysqlClass.py[line:70] -WARNING:case_id:24230005&step:16063&&(差额征税规则)发票签章-差额征税规则验证-差额征税蓝字发票一条被折扣行两条折扣行F-->插入成功
2020-02-19 18:40:25,312 -/Users/water/gin/git/generator/generator/tool/operateMysqlClass.py[line:70] -WARNING:case_id:24230005&step:16065&&(差额征税规则)发票签章-差额征税规则验证-差额征税蓝字发票一条被折扣行三条折扣行F-->插入成功
2020-02-19 18:40:25,316 -/Users/water/gin/git/generator/generator/tool/operateMysqlClass.py[line:70] -WARNING:case_id:24230005&step:16067&&(差额征税规则)发票签章-差额征税规则验证-差额征税红字发票不允许两条商品行F-->插入成功
2020-02-19 18:40:25,320 -/Users/water/gin/git/generator/generator/tool/operateMysqlClass.py[line:70] -WARNING:case_id:24230005&step:16069&&(差额征税规则)发票签章-差额征税规则验证-差额征税蓝字发票第一行商品明细中扣除额为负数F-->插入成功
2020-02-19 18:40:25,323 -/Users/water/gin/git/generator/generator/tool/operateMysqlClass.py[line:70] -WARNING:case_id:24230005&step:16071&&(差额征税规则)发票签章-差额征税规则验证-差额征税蓝字发票第一行商品明细中扣除额等于第一行商品的不含税金额T-->插入成功
2020-02-19 18:40:25,327 -/Users/water/gin/git/generator/generator/tool/operateMysqlClass.py[line:70] -WARNING:case_id:24230005&step:16073&&(差额征税规则)发票签章-差额征税规则验证-差额征税蓝字发票第一行商品明细中扣除额大于第一行商品的不含税金额F-->插入成功
2020-02-19 18:40:25,335 -/Users/water/gin/git/generator/generator/tool/operateMysqlClass.py[line:70] -WARNING:case_id:24230005&step:16075&&(发票开具规则)发票签章-发票开具规则验证（根据接口字段自编）-销售方纳税人识别号与名称不符F-->插入成功
2020-02-19 18:40:25,339 -/Users/water/gin/git/generator/generator/tool/operateMysqlClass.py[line:70] -WARNING:case_id:24230005&step:16077&&(发票开具规则)发票签章-发票开具规则验证（根据接口字段自编）-购买方纳税人识别号与名称不符T-->插入成功
2020-02-19 18:40:25,341 -/Users/water/gin/git/generator/generator/tool/operateMysqlClass.py[line:70] -WARNING:case_id:24230005&step:16079&&(发票开具规则)发票签章-发票开具规则验证（根据接口字段自编）-正数发票合计金额大于零T-->插入成功
2020-02-19 18:40:25,346 -/Users/water/gin/git/generator/generator/tool/operateMysqlClass.py[line:70] -WARNING:case_id:24230005&step:16081&&(发票开具规则)发票签章-发票开具规则验证（根据接口字段自编）-正数发票合计金额等于零F-->插入成功
2020-02-19 18:40:25,351 -/Users/water/gin/git/generator/generator/tool/operateMysqlClass.py[line:70] -WARNING:case_id:24230005&step:16083&&(发票开具规则)发票签章-发票开具规则验证（根据接口字段自编）-正数发票合计金额小于零F-->插入成功
2020-02-19 18:40:25,354 -/Users/water/gin/git/generator/generator/tool/operateMysqlClass.py[line:70] -WARNING:case_id:24230005&step:16085&&(发票开具规则)发票签章-发票开具规则验证（根据接口字段自编）-负数发票合计金额小于零T-->插入成功
2020-02-19 18:40:25,358 -/Users/water/gin/git/generator/generator/tool/operateMysqlClass.py[line:70] -WARNING:case_id:24230005&step:16087&&(发票开具规则)发票签章-发票开具规则验证（根据接口字段自编）-负数发票合计金额等于零F-->插入成功
2020-02-19 18:40:25,362 -/Users/water/gin/git/generator/generator/tool/operateMysqlClass.py[line:70] -WARNING:case_id:24230005&step:16089&&(发票开具规则)发票签章-发票开具规则验证（根据接口字段自编）-负数发票合计金额大于零F-->插入成功
2020-02-19 18:40:25,365 -/Users/water/gin/git/generator/generator/tool/operateMysqlClass.py[line:70] -WARNING:case_id:24230005&step:16091&&(发票开具规则)发票签章-发票开具规则验证（根据接口字段自编）-正数价税合计不等于合计金额加合计税额（差1分）F-->插入成功
2020-02-19 18:40:25,368 -/Users/water/gin/git/generator/generator/tool/operateMysqlClass.py[line:70] -WARNING:case_id:24230005&step:16093&&(发票开具规则)发票签章-发票开具规则验证（根据接口字段自编）-负数发票价税合计不等于合计金额加合计税额（差1分）F-->插入成功
2020-02-19 18:40:25,371 -/Users/water/gin/git/generator/generator/tool/operateMysqlClass.py[line:70] -WARNING:case_id:24230005&step:16095&&(发票开具规则)发票签章-发票开具规则验证（根据接口字段自编）-正数发票单价为空数量为1T-->插入成功
2020-02-19 18:40:25,373 -/Users/water/gin/git/generator/generator/tool/operateMysqlClass.py[line:70] -WARNING:case_id:24230005&step:16097&&(发票开具规则)发票签章-发票开具规则验证（根据接口字段自编）-正数发票单价为1数量为空T-->插入成功
2020-02-19 18:40:25,376 -/Users/water/gin/git/generator/generator/tool/operateMysqlClass.py[line:70] -WARNING:case_id:24230005&step:16099&&(发票开具规则)发票签章-发票开具规则验证（根据接口字段自编）-正数发票单价为空数量为0T-->插入成功
2020-02-19 18:40:25,379 -/Users/water/gin/git/generator/generator/tool/operateMysqlClass.py[line:70] -WARNING:case_id:24230005&step:16101&&(发票开具规则)发票签章-发票开具规则验证（根据接口字段自编）-正数发票单价为0数量为空T-->插入成功
2020-02-19 18:40:25,382 -/Users/water/gin/git/generator/generator/tool/operateMysqlClass.py[line:70] -WARNING:case_id:24230005&step:16103&&(发票开具规则)发票签章-发票开具规则验证（根据接口字段自编）-正数发票单价乘数量为项目金额（不含税情况）T-->插入成功
2020-02-19 18:40:25,385 -/Users/water/gin/git/generator/generator/tool/operateMysqlClass.py[line:70] -WARNING:case_id:24230005&step:16105&&(发票开具规则)发票签章-发票开具规则验证（根据接口字段自编）-正数发票单价乘数量不等于项目金额（不含税情况）F-->插入成功
2020-02-19 18:40:25,388 -/Users/water/gin/git/generator/generator/tool/operateMysqlClass.py[line:70] -WARNING:case_id:24230005&step:16107&&(发票开具规则)发票签章-发票开具规则验证（根据接口字段自编）-负数发票单价为空数量为0T-->插入成功
2020-02-19 18:40:25,390 -/Users/water/gin/git/generator/generator/tool/operateMysqlClass.py[line:70] -WARNING:case_id:24230005&step:16109&&(发票开具规则)发票签章-发票开具规则验证（根据接口字段自编）-负数发票单价为0数量为空T-->插入成功
2020-02-19 18:40:25,392 -/Users/water/gin/git/generator/generator/tool/operateMysqlClass.py[line:70] -WARNING:case_id:24230005&step:16111&&(发票开具规则)发票签章-发票开具规则验证（根据接口字段自编）-负数发票单价乘数量（负数）为项目金额（不含税情况）T-->插入成功
2020-02-19 18:40:25,394 -/Users/water/gin/git/generator/generator/tool/operateMysqlClass.py[line:70] -WARNING:case_id:24230005&step:16113&&(发票开具规则)发票签章-发票开具规则验证（根据接口字段自编）-负数发票单价（负数）乘数量为项目金额（不含税情况）T-->插入成功
2020-02-19 18:40:25,397 -/Users/water/gin/git/generator/generator/tool/operateMysqlClass.py[line:70] -WARNING:case_id:24230005&step:16115&&(发票开具规则)发票签章-发票开具规则验证（根据接口字段自编）-负数发票单价乘数量不等于项目金额（不含税情况）F-->插入成功
2020-02-19 18:40:25,399 -/Users/water/gin/git/generator/generator/tool/operateMysqlClass.py[line:70] -WARNING:case_id:24230005&step:16117&&(发票开具规则)发票签章-发票开具规则验证（根据接口字段自编）-负数发票税额为正数F-->插入成功
2020-02-19 18:40:25,402 -/Users/water/gin/git/generator/generator/tool/operateMysqlClass.py[line:70] -WARNING:case_id:24230005&step:16119&&(发票开具规则)发票签章-发票开具规则验证（根据接口字段自编）-正数发票税额为负合计为正F-->插入成功
2020-02-19 18:40:25,403 -/Users/water/gin/git/generator/generator/tool/operateMysqlClass.py[line:70] -WARNING:case_id:24230005&step:16121&&(发票开具规则)发票签章-发票开具规则验证（根据接口字段自编）-正数发票商品行金额大于0折扣行金额小于0T-->插入成功
2020-02-19 18:40:25,405 -/Users/water/gin/git/generator/generator/tool/operateMysqlClass.py[line:70] -WARNING:case_id:24230005&step:16123&&(发票开具规则)发票签章-发票开具规则验证（根据接口字段自编）-正数发票被折扣行金额小于0F-->插入成功
2020-02-19 18:40:25,407 -/Users/water/gin/git/generator/generator/tool/operateMysqlClass.py[line:70] -WARNING:case_id:24230005&step:16125&&(发票开具规则)发票签章-发票开具规则验证（根据接口字段自编）-正数发票被折扣行金额等于0F-->插入成功
2020-02-19 18:40:25,411 -/Users/water/gin/git/generator/generator/tool/operateMysqlClass.py[line:70] -WARNING:case_id:24230005&step:16127&&(发票开具规则)发票签章-发票开具规则验证（根据接口字段自编）-正数发票正常行金额等于0F-->插入成功
2020-02-19 18:40:25,415 -/Users/water/gin/git/generator/generator/tool/operateMysqlClass.py[line:70] -WARNING:case_id:24230005&step:16129&&(发票开具规则)发票签章-发票开具规则验证（根据接口字段自编）-正数发票折扣行金额等于0F-->插入成功
2020-02-19 18:40:25,419 -/Users/water/gin/git/generator/generator/tool/operateMysqlClass.py[line:70] -WARNING:case_id:24230005&step:16131&&(发票开具规则)发票签章-发票开具规则验证（根据接口字段自编）-正数发票连续两条折扣行F-->插入成功
2020-02-19 18:40:25,423 -/Users/water/gin/git/generator/generator/tool/operateMysqlClass.py[line:70] -WARNING:case_id:24230005&step:16133&&(发票开具规则)发票签章-发票开具规则验证（根据接口字段自编）-正数发票折扣行金额等于被折扣行总金额为0F-->插入成功
2020-02-19 18:40:25,428 -/Users/water/gin/git/generator/generator/tool/operateMysqlClass.py[line:70] -WARNING:case_id:24230005&step:16135&&(发票开具规则)发票签章-发票开具规则验证（根据接口字段自编）-正数发票折扣行金额等于被折扣行总金额为正数T-->插入成功
2020-02-19 18:40:25,431 -/Users/water/gin/git/generator/generator/tool/operateMysqlClass.py[line:70] -WARNING:case_id:24230005&step:16137&&(发票开具规则)发票签章-发票开具规则验证（根据接口字段自编）-正数发票折扣行金额大于被折扣行总金额为正数F-->插入成功
2020-02-19 18:40:25,436 -/Users/water/gin/git/generator/generator/tool/operateMysqlClass.py[line:70] -WARNING:case_id:24230005&step:16139&&(发票开具规则)发票签章-发票开具规则验证（根据接口字段自编）-正数发票折扣行税率必须与被折扣行税率不相同F-->插入成功
2020-02-19 18:40:25,441 -/Users/water/gin/git/generator/generator/tool/operateMysqlClass.py[line:70] -WARNING:case_id:24230005&step:16141&&(误差规则)发票签章-误差规则-多行合计金额与价税合计相同T-->插入成功
2020-02-19 18:40:25,446 -/Users/water/gin/git/generator/generator/tool/operateMysqlClass.py[line:70] -WARNING:case_id:24230005&step:16143&&(误差规则)发票签章-误差规则-单行商品价格乘数量比金额多1分T-->插入成功
2020-02-19 18:40:25,450 -/Users/water/gin/git/generator/generator/tool/operateMysqlClass.py[line:70] -WARNING:case_id:24230005&step:16145&&(误差规则)发票签章-误差规则-单行商品价格乘数量比金额少1分T-->插入成功
2020-02-19 18:40:25,455 -/Users/water/gin/git/generator/generator/tool/operateMysqlClass.py[line:70] -WARNING:case_id:24230005&step:16147&&(误差规则)发票签章-误差规则-单行商品价格乘数量比金额多2分F-->插入成功
2020-02-19 18:40:25,461 -/Users/water/gin/git/generator/generator/tool/operateMysqlClass.py[line:70] -WARNING:case_id:24230005&step:16149&&(误差规则)发票签章-误差规则-单行商品价格乘数量比金额少2分F-->插入成功
2020-02-19 18:40:25,465 -/Users/water/gin/git/generator/generator/tool/operateMysqlClass.py[line:70] -WARNING:case_id:24230005&step:16151&&(误差规则)发票签章-误差规则-不含税金额乘税率比税额比金额多6分T-->插入成功
2020-02-19 18:40:25,468 -/Users/water/gin/git/generator/generator/tool/operateMysqlClass.py[line:70] -WARNING:case_id:24230005&step:16153&&(误差规则)发票签章-误差规则-不含税金额乘税率比税额比金额多7分F-->插入成功
2020-02-19 18:40:25,471 -/Users/water/gin/git/generator/generator/tool/operateMysqlClass.py[line:70] -WARNING:case_id:24230005&step:16155&&(误差规则)发票签章-误差规则-不含税金额乘税率比税额比金额少7分F-->插入成功
2020-02-19 18:40:25,476 -/Users/water/gin/git/generator/generator/tool/operateMysqlClass.py[line:70] -WARNING:case_id:24230005&step:16157&&(误差规则)发票签章-误差规则-不含税金额乘税率比税额比金额少6分T-->插入成功
2020-02-19 18:40:25,481 -/Users/water/gin/git/generator/generator/tool/operateMysqlClass.py[line:70] -WARNING:case_id:24230005&step:16159&&(误差规则)发票签章-误差规则-红字发票不含税金额乘税率比税额比金额多1.27分T-->插入成功
2020-02-19 18:40:25,484 -/Users/water/gin/git/generator/generator/tool/operateMysqlClass.py[line:70] -WARNING:case_id:24230005&step:16161&&(误差规则)发票签章-误差规则-红字发票不含税金额乘税率比税额比金额多1.28分F-->插入成功
2020-02-19 18:40:25,491 -/Users/water/gin/git/generator/generator/tool/operateMysqlClass.py[line:70] -WARNING:case_id:24230005&step:16163&&(误差规则)发票签章-误差规则-红字发票不含税金额乘税率比税额比金额少1.27分T-->插入成功
2020-02-19 18:40:25,495 -/Users/water/gin/git/generator/generator/tool/operateMysqlClass.py[line:70] -WARNING:case_id:24230005&step:16165&&(误差规则)发票签章-误差规则-红字发票不含税金额乘税率比税额比金额少1.28分F-->插入成功
2020-02-19 18:40:25,505 -/Users/water/gin/git/generator/generator/tool/operateMysqlClass.py[line:70] -WARNING:case_id:24230005&step:16167&&(误差规则)发票签章-误差规则-各个商品行税额之和减合计税额等于1.27T-->插入成功
2020-02-19 18:40:25,513 -/Users/water/gin/git/generator/generator/tool/operateMysqlClass.py[line:70] -WARNING:case_id:24230005&step:16169&&(误差规则)发票签章-误差规则-各个商品行税额之和减合计税额等于负1.27T-->插入成功
2020-02-19 18:40:25,520 -/Users/water/gin/git/generator/generator/tool/operateMysqlClass.py[line:70] -WARNING:case_id:24230005&step:16171&&(误差规则)发票签章-误差规则-各个商品行税额之和减合计税额等于1.28F-->插入成功
2020-02-19 18:40:25,529 -/Users/water/gin/git/generator/generator/tool/operateMysqlClass.py[line:70] -WARNING:case_id:24230005&step:16173&&(误差规则)发票签章-误差规则-各个商品行税额之和减合计税额等于负1.28F-->插入成功
2020-02-19 18:40:25,536 -/Users/water/gin/git/generator/generator/tool/operateMysqlClass.py[line:70] -WARNING:case_id:24230005&step:16175&&(误差规则)发票签章-误差规则-所有商品行不含税金额之和减合计金额等于0.01T-->插入成功
2020-02-19 18:40:25,542 -/Users/water/gin/git/generator/generator/tool/operateMysqlClass.py[line:70] -WARNING:case_id:24230005&step:16177&&(误差规则)发票签章-误差规则-所有商品行不含税金额之和减合计金额等于负0.01T-->插入成功
2020-02-19 18:40:25,547 -/Users/water/gin/git/generator/generator/tool/operateMysqlClass.py[line:70] -WARNING:case_id:24230005&step:16179&&(误差规则)发票签章-误差规则-所有商品行不含税金额之和减合计金额等于0.02F-->插入成功
2020-02-19 18:40:25,553 -/Users/water/gin/git/generator/generator/tool/operateMysqlClass.py[line:70] -WARNING:case_id:24230005&step:16181&&(误差规则)发票签章-误差规则-所有商品行不含税金额之和减合计金额等于负0.02F-->插入成功
2020-02-19 18:40:25,554 -/Users/water/gin/git/generator/generator/tool/operateMysqlClass.py[line:54] -WARNING:mysql closed!!
