2020-02-19 17:53:29,071 -/Users/water/gin/git/generator/generator/tool/generatorCase.py[line:37] -WARNING:case_generator.ini
2020-02-19 17:53:29,162 -/Users/water/gin/git/generator/generator/tool/operateMysqlClass.py[line:47] -WARNING:connect mysql successful!!
2020-02-19 17:53:29,323 -/Users/water/gin/git/generator/generator/tool/operateMysqlClass.py[line:70] -WARNING:case_id:24230004&step:14001&&蓝票正常全额冲红-开蓝票--->插入成功
2020-02-19 17:53:29,325 -/Users/water/gin/git/generator/generator/tool/operateMysqlClass.py[line:70] -WARNING:case_id:24230004&step:14003&&蓝票正常全额冲红-蓝票冲红--->插入成功
2020-02-19 17:53:29,328 -/Users/water/gin/git/generator/generator/tool/operateMysqlClass.py[line:70] -WARNING:case_id:24230004&step:14005&&蓝票正常部分额度冲红-开蓝票--->插入成功
2020-02-19 17:53:29,330 -/Users/water/gin/git/generator/generator/tool/operateMysqlClass.py[line:70] -WARNING:case_id:24230004&step:14007&&蓝票正常部分额度冲红-蓝票冲红--->插入成功
2020-02-19 17:53:29,332 -/Users/water/gin/git/generator/generator/tool/operateMysqlClass.py[line:70] -WARNING:case_id:24230004&step:14009&&普通蓝票全额冲红差额征税票-差额蓝票--->插入成功
2020-02-19 17:53:29,335 -/Users/water/gin/git/generator/generator/tool/operateMysqlClass.py[line:70] -WARNING:case_id:24230004&step:14011&&普通蓝票全额冲红差额征税票-差额蓝票冲红-F--->插入成功
2020-02-19 17:53:29,337 -/Users/water/gin/git/generator/generator/tool/operateMysqlClass.py[line:70] -WARNING:case_id:24230004&step:14013&&差额征税蓝票全额冲红普通蓝票-开蓝票--->插入成功
2020-02-19 17:53:29,339 -/Users/water/gin/git/generator/generator/tool/operateMysqlClass.py[line:70] -WARNING:case_id:24230004&step:14015&&差额征税蓝票全额冲红普通蓝票-蓝票冲红--->插入成功
2020-02-19 17:53:29,341 -/Users/water/gin/git/generator/generator/tool/operateMysqlClass.py[line:70] -WARNING:case_id:24230004&step:14017&&普通蓝票全额冲红收购票-开蓝票-->插入成功
2020-02-19 17:53:29,342 -/Users/water/gin/git/generator/generator/tool/operateMysqlClass.py[line:70] -WARNING:case_id:24230004&step:14019&&普通蓝票全额冲红收购票-全额冲红-->插入成功
2020-02-19 17:53:29,344 -/Users/water/gin/git/generator/generator/tool/operateMysqlClass.py[line:70] -WARNING:case_id:24230004&step:14021&&收购票全额冲红普通蓝票-开蓝票-->插入成功
2020-02-19 17:53:29,346 -/Users/water/gin/git/generator/generator/tool/operateMysqlClass.py[line:70] -WARNING:case_id:24230004&step:14023&&收购票全额冲红普通蓝票-全额冲红-->插入成功
2020-02-19 17:53:29,348 -/Users/water/gin/git/generator/generator/tool/operateMysqlClass.py[line:70] -WARNING:case_id:24230004&step:14025&&差额征税票全额冲红收购票-开蓝票-->插入成功
2020-02-19 17:53:29,350 -/Users/water/gin/git/generator/generator/tool/operateMysqlClass.py[line:70] -WARNING:case_id:24230004&step:14027&&差额征税票全额冲红收购票-全额冲红-->插入成功
2020-02-19 17:53:29,351 -/Users/water/gin/git/generator/generator/tool/operateMysqlClass.py[line:70] -WARNING:case_id:24230004&step:14029&&收购票全额冲红差额征税票-开蓝票-->插入成功
2020-02-19 17:53:29,353 -/Users/water/gin/git/generator/generator/tool/operateMysqlClass.py[line:70] -WARNING:case_id:24230004&step:14031&&收购票全额冲红差额征税票-全额冲红-->插入成功
2020-02-19 17:53:29,355 -/Users/water/gin/git/generator/generator/tool/operateMysqlClass.py[line:70] -WARNING:case_id:24230004&step:14033&&普通蓝票冲红普通折扣票-开蓝票-->插入成功
2020-02-19 17:53:29,356 -/Users/water/gin/git/generator/generator/tool/operateMysqlClass.py[line:70] -WARNING:case_id:24230004&step:14035&&普通蓝票冲红普通折扣票-全额冲红-->插入成功
2020-02-19 17:53:29,359 -/Users/water/gin/git/generator/generator/tool/operateMysqlClass.py[line:70] -WARNING:case_id:24230004&step:14037&&普通折扣冲红普通蓝票-开蓝票-->插入成功
2020-02-19 17:53:29,361 -/Users/water/gin/git/generator/generator/tool/operateMysqlClass.py[line:70] -WARNING:case_id:24230004&step:14039&&普通折扣冲红普通蓝票-全额冲红-->插入成功
2020-02-19 17:53:29,363 -/Users/water/gin/git/generator/generator/tool/operateMysqlClass.py[line:70] -WARNING:case_id:24230004&step:14041&&开正常蓝票时，报文存在原发票代码，原发票号码，备注时-F--->插入成功
2020-02-19 17:53:29,367 -/Users/water/gin/git/generator/generator/tool/operateMysqlClass.py[line:70] -WARNING:case_id:24230004&step:14043&&差额冲红差额，扣除额不一致-开蓝票-->插入成功
2020-02-19 17:53:29,369 -/Users/water/gin/git/generator/generator/tool/operateMysqlClass.py[line:70] -WARNING:case_id:24230004&step:14045&&差额冲红差额，扣除额不一致-全额冲红-->插入成功
2020-02-19 17:53:29,371 -/Users/water/gin/git/generator/generator/tool/operateMysqlClass.py[line:70] -WARNING:case_id:24230004&step:14047&&差额冲红差额，扣除额一致-开蓝票-->插入成功
2020-02-19 17:53:29,372 -/Users/water/gin/git/generator/generator/tool/operateMysqlClass.py[line:70] -WARNING:case_id:24230004&step:14049&&差额冲红差额，扣除额一致-T-全额冲红-->插入成功
2020-02-19 17:53:29,374 -/Users/water/gin/git/generator/generator/tool/operateMysqlClass.py[line:70] -WARNING:case_id:24230004&step:14051&&收购发票红蓝票都带扣除额-开蓝票-->插入成功
2020-02-19 17:53:29,376 -/Users/water/gin/git/generator/generator/tool/operateMysqlClass.py[line:70] -WARNING:case_id:24230004&step:14053&&收购发票红蓝票都带扣除额-全额冲红-->插入成功
2020-02-19 17:53:29,379 -/Users/water/gin/git/generator/generator/tool/operateMysqlClass.py[line:70] -WARNING:case_id:24230004&step:14055&&同税率同商品编码单行-1.开具单行蓝票-->插入成功
2020-02-19 17:53:29,381 -/Users/water/gin/git/generator/generator/tool/operateMysqlClass.py[line:70] -WARNING:case_id:24230004&step:14057&&同税率同商品编码单行-1.开具单行蓝票-->插入成功
2020-02-19 17:53:29,383 -/Users/water/gin/git/generator/generator/tool/operateMysqlClass.py[line:70] -WARNING:case_id:24230004&step:14059&&同税率同商品编码单行-1.开具单行蓝票-->插入成功
2020-02-19 17:53:29,385 -/Users/water/gin/git/generator/generator/tool/operateMysqlClass.py[line:70] -WARNING:case_id:24230004&step:14061&&同税率同商品编码单行-1.开具单行蓝票-->插入成功
2020-02-19 17:53:29,387 -/Users/water/gin/git/generator/generator/tool/operateMysqlClass.py[line:70] -WARNING:case_id:24230004&step:14063&&同税率同商品编码单行-1.开具单行蓝票-->插入成功
2020-02-19 17:53:29,389 -/Users/water/gin/git/generator/generator/tool/operateMysqlClass.py[line:70] -WARNING:case_id:24230004&step:14065&&同税率同商品编码单行-1.开具单行蓝票-->插入成功
2020-02-19 17:53:29,391 -/Users/water/gin/git/generator/generator/tool/operateMysqlClass.py[line:70] -WARNING:case_id:24230004&step:14067&&同税率同商品编码单行-1.开具单行蓝票-->插入成功
2020-02-19 17:53:29,394 -/Users/water/gin/git/generator/generator/tool/operateMysqlClass.py[line:70] -WARNING:case_id:24230004&step:14069&&同税率同商品编码单行-1.开具单行蓝票-->插入成功
2020-02-19 17:53:29,396 -/Users/water/gin/git/generator/generator/tool/operateMysqlClass.py[line:70] -WARNING:case_id:24230004&step:14071&&不同税率同商品编码单行税额一致-2.对该蓝票冲红，商品名和商品编码与蓝票一致，税率不同，金额税额与蓝票一致-->插入成功
2020-02-19 17:53:29,398 -/Users/water/gin/git/generator/generator/tool/operateMysqlClass.py[line:70] -WARNING:case_id:24230004&step:14073&&不同税率同商品编码单行税额不一致-2.对该蓝票冲红，商品名和商品编码与蓝票一致，税率不同，金额与蓝票一致，税额不一致-->插入成功
2020-02-19 17:53:29,400 -/Users/water/gin/git/generator/generator/tool/operateMysqlClass.py[line:70] -WARNING:case_id:24230004&step:14075&&不同税率同商品编码单行金额不一致-2.对该蓝票冲红，商品名和商品编码与蓝票一致，税率不同，税额与蓝票一致，金额不一致-->插入成功
2020-02-19 17:53:29,401 -/Users/water/gin/git/generator/generator/tool/operateMysqlClass.py[line:70] -WARNING:case_id:24230004&step:14077&&不同税率不同商品编码单行金额税额一致-2.对该蓝票冲红，商品名和商品编码和税率与蓝票都不一致，但金额税额与蓝票一致-->插入成功
2020-02-19 17:53:29,403 -/Users/water/gin/git/generator/generator/tool/operateMysqlClass.py[line:70] -WARNING:case_id:24230004&step:14079&&不同税率不同商品编码单行金额不一致-2.对该蓝票冲红，商品名和商品编码和税率与蓝票都不一致，税额与蓝票一致，但金额不一致-->插入成功
2020-02-19 17:53:29,404 -/Users/water/gin/git/generator/generator/tool/operateMysqlClass.py[line:70] -WARNING:case_id:24230004&step:14081&&不同税率不同商品编码单行税额不一致-2.对该蓝票冲红，商品名和商品编码和税率与蓝票都不一致，金额与蓝票一致，但税额不一致-->插入成功
2020-02-19 17:53:29,406 -/Users/water/gin/git/generator/generator/tool/operateMysqlClass.py[line:70] -WARNING:case_id:24230004&step:14083&&同税率同商品编码同顺序3行金额税额一致-1.开具3行蓝票-->插入成功
2020-02-19 17:53:29,408 -/Users/water/gin/git/generator/generator/tool/operateMysqlClass.py[line:70] -WARNING:case_id:24230004&step:14085&&同税率同商品编码同顺序3行金额税额一致-1.开具3行蓝票-->插入成功
2020-02-19 17:53:29,410 -/Users/water/gin/git/generator/generator/tool/operateMysqlClass.py[line:70] -WARNING:case_id:24230004&step:14087&&同税率同商品编码同顺序3行金额税额一致-1.开具3行蓝票-->插入成功
2020-02-19 17:53:29,411 -/Users/water/gin/git/generator/generator/tool/operateMysqlClass.py[line:70] -WARNING:case_id:24230004&step:14089&&同税率同商品编码同顺序3行金额税额一致-1.开具3行蓝票-->插入成功
2020-02-19 17:53:29,415 -/Users/water/gin/git/generator/generator/tool/operateMysqlClass.py[line:70] -WARNING:case_id:24230004&step:14091&&同税率同商品编码同顺序3行金额税额一致-1.开具3行蓝票-->插入成功
2020-02-19 17:53:29,418 -/Users/water/gin/git/generator/generator/tool/operateMysqlClass.py[line:70] -WARNING:case_id:24230004&step:14093&&同税率同商品编码同顺序3行金额税额一致-1.开具3行蓝票-->插入成功
2020-02-19 17:53:29,420 -/Users/water/gin/git/generator/generator/tool/operateMysqlClass.py[line:70] -WARNING:case_id:24230004&step:14095&&同税率同商品编码同顺序3行金额税额一致-1.开具3行蓝票-->插入成功
2020-02-19 17:53:29,423 -/Users/water/gin/git/generator/generator/tool/operateMysqlClass.py[line:70] -WARNING:case_id:24230004&step:14097&&同税率同商品编码同顺序3行金额税额一致-2.对该蓝票冲红，商品名和商品编码和税率值与顺序都与蓝票一致，金额税额与蓝票一致-->插入成功
2020-02-19 17:53:29,428 -/Users/water/gin/git/generator/generator/tool/operateMysqlClass.py[line:70] -WARNING:case_id:24230004&step:14099&&同税率同商品编码不同顺序3行金额税额一致-2.对该蓝票冲红，商品名和商品编码和税率值与蓝票一致但顺序与蓝票不一致，金额税额与蓝票一致-->插入成功
2020-02-19 17:53:29,432 -/Users/water/gin/git/generator/generator/tool/operateMysqlClass.py[line:70] -WARNING:case_id:24230004&step:14101&&不同税率不同商品编码3行金额税额一致-2.对该蓝票冲红，商品行数为4行，商品编码和税率值与蓝票均不一致，金额税额与蓝票一致-->插入成功
2020-02-19 17:53:29,436 -/Users/water/gin/git/generator/generator/tool/operateMysqlClass.py[line:70] -WARNING:case_id:24230004&step:14103&&同税率同商品编码同顺序3行金额不一致-
2.对该蓝票冲红，商品名和商品编码和税率值与顺序都与蓝票一致，税额与蓝票一致，但金额不一致-->插入成功
2020-02-19 17:53:29,441 -/Users/water/gin/git/generator/generator/tool/operateMysqlClass.py[line:70] -WARNING:case_id:24230004&step:14105&&同税率同商品编码同顺序3行税额不一致-2.对该蓝票冲红，商品名和商品编码和税率值与顺序都与蓝票一致，金额与蓝票一致，但税额不一致-->插入成功
2020-02-19 17:53:29,443 -/Users/water/gin/git/generator/generator/tool/operateMysqlClass.py[line:70] -WARNING:case_id:24230004&step:14107&&不同税率不同商品编码3行金额不一致-2.对该蓝票冲红，商品行数为4行，商品编码和税率值与蓝票均不一致，税额与蓝票一致，但金额不一致-->插入成功
2020-02-19 17:53:29,445 -/Users/water/gin/git/generator/generator/tool/operateMysqlClass.py[line:70] -WARNING:case_id:24230004&step:14109&&不同税率不同商品编码3行税额不一致-2.对该蓝票冲红，商品行数为4行，商品编码和税率值与蓝票均不一致，金额与蓝票一致，但税额不一致-->插入成功
2020-02-19 17:53:29,449 -/Users/water/gin/git/generator/generator/tool/operateMysqlClass.py[line:70] -WARNING:case_id:24230004&step:14111&&同税率同商品编码9行同顺序金额税额一致-1.开具9行蓝票-->插入成功
2020-02-19 17:53:29,452 -/Users/water/gin/git/generator/generator/tool/operateMysqlClass.py[line:70] -WARNING:case_id:24230004&step:14113&&同税率同商品编码9行同顺序金额税额一致-1.开具9行蓝票-->插入成功
2020-02-19 17:53:29,458 -/Users/water/gin/git/generator/generator/tool/operateMysqlClass.py[line:70] -WARNING:case_id:24230004&step:14115&&同税率同商品编码9行同顺序金额税额一致-1.开具9行蓝票-->插入成功
2020-02-19 17:53:29,461 -/Users/water/gin/git/generator/generator/tool/operateMysqlClass.py[line:70] -WARNING:case_id:24230004&step:14117&&同税率同商品编码9行同顺序金额税额一致-1.开具9行蓝票-->插入成功
2020-02-19 17:53:29,467 -/Users/water/gin/git/generator/generator/tool/operateMysqlClass.py[line:70] -WARNING:case_id:24230004&step:14119&&同税率同商品编码9行同顺序金额税额一致-1.开具9行蓝票-->插入成功
2020-02-19 17:53:29,470 -/Users/water/gin/git/generator/generator/tool/operateMysqlClass.py[line:70] -WARNING:case_id:24230004&step:14121&&同税率同商品编码9行同顺序金额税额一致-1.开具9行蓝票-->插入成功
2020-02-19 17:53:29,473 -/Users/water/gin/git/generator/generator/tool/operateMysqlClass.py[line:70] -WARNING:case_id:24230004&step:14123&&同税率同商品编码9行同顺序金额税额一致-1.开具9行蓝票-->插入成功
2020-02-19 17:53:29,477 -/Users/water/gin/git/generator/generator/tool/operateMysqlClass.py[line:70] -WARNING:case_id:24230004&step:14125&&同税率同商品编码9行同顺序金额税额一致-2.对该蓝票冲红，商品名和商品编码和税率值与顺序都与蓝票一致，金额税额与蓝票一致-->插入成功
2020-02-19 17:53:29,480 -/Users/water/gin/git/generator/generator/tool/operateMysqlClass.py[line:70] -WARNING:case_id:24230004&step:14127&&同税率同商品编码9行同顺序金额不一致-2.对该蓝票冲红，商品名和商品编码和税率值与顺序都与蓝票一致，税额与蓝票一致，但金额不一致-->插入成功
2020-02-19 17:53:29,484 -/Users/water/gin/git/generator/generator/tool/operateMysqlClass.py[line:70] -WARNING:case_id:24230004&step:14129&&同税率同商品编码9行同顺序税额不一致-2.对该蓝票冲红，商品名和商品编码和税率值与顺序都与蓝票一致，金额与蓝票一致，但税额不一致-->插入成功
2020-02-19 17:53:29,488 -/Users/water/gin/git/generator/generator/tool/operateMysqlClass.py[line:70] -WARNING:case_id:24230004&step:14131&&同税率同商品编码9行不同顺序金额税额一致-2.对该蓝票冲红，商品名和商品编码和税率值与蓝票一致，但顺序与蓝票不一致，金额税额与蓝票一致-->插入成功
2020-02-19 17:53:29,491 -/Users/water/gin/git/generator/generator/tool/operateMysqlClass.py[line:70] -WARNING:case_id:24230004&step:14133&&不同税率不同商品编码9行金额税额一致-2.对该蓝票冲红，商品行数为10行，商品编码和税率值与蓝票均不一致，金额税额与蓝票一致-->插入成功
2020-02-19 17:53:29,495 -/Users/water/gin/git/generator/generator/tool/operateMysqlClass.py[line:70] -WARNING:case_id:24230004&step:14135&&不同税率不同商品编码9行金额不一致-2.对该蓝票冲红，商品行数为10行，商品编码和税率值与蓝票均不一致，税额与蓝票一致，但金额不一致-->插入成功
2020-02-19 17:53:29,501 -/Users/water/gin/git/generator/generator/tool/operateMysqlClass.py[line:70] -WARNING:case_id:24230004&step:14137&&不同税率不同商品编码9行税额不一致-2.对该蓝票冲红，商品行数为10行，商品编码和税率值与蓝票均不一致，金额与蓝票一致，但税额不一致-->插入成功
2020-02-19 17:53:29,503 -/Users/water/gin/git/generator/generator/tool/operateMysqlClass.py[line:70] -WARNING:case_id:24230004&step:14139&&(特殊冲红逻辑校验)同步单行普通蓝票冲红-1.开具单行普通蓝票-->插入成功
2020-02-19 17:53:29,505 -/Users/water/gin/git/generator/generator/tool/operateMysqlClass.py[line:70] -WARNING:case_id:24230004&step:14141&&(特殊冲红逻辑校验)同步单行普通蓝票冲红-2.对其冲红-2.可以正常冲红且红票的原发票代码号码不会入fp_ydm_yhm表-->插入成功
2020-02-19 17:53:29,508 -/Users/water/gin/git/generator/generator/tool/operateMysqlClass.py[line:70] -WARNING:case_id:24230004&step:14143&&(特殊冲红逻辑校验)同步单行带折扣差额普通蓝票冲红-1.单行带折扣差额普通蓝票-->插入成功
2020-02-19 17:53:29,511 -/Users/water/gin/git/generator/generator/tool/operateMysqlClass.py[line:70] -WARNING:case_id:24230004&step:14145&&(特殊冲红逻辑校验)同步单行带折扣差额普通蓝票冲红-2.可以正常冲红且红票的原发票代码号码不会入fp_ydm_yhm表-->插入成功
2020-02-19 17:53:29,514 -/Users/water/gin/git/generator/generator/tool/operateMysqlClass.py[line:70] -WARNING:case_id:24230004&step:14147&&(特殊冲红逻辑校验)同步普通发票特殊冲红-普通发票特殊冲红（原发票代码为不存在的票）-特殊冲红成功，且发票的原发票代码号码会入fp_ydm_yhm表-->插入成功
2020-02-19 17:53:29,517 -/Users/water/gin/git/generator/generator/tool/operateMysqlClass.py[line:70] -WARNING:case_id:24230004&step:14149&&(特殊冲红逻辑校验)同步普通差额发票特殊冲红-普通差额发票特殊冲红-特殊冲红成功，且发票的原发票代码号码会入fp_ydm_yhm表-->插入成功
2020-02-19 17:53:29,522 -/Users/water/gin/git/generator/generator/tool/operateMysqlClass.py[line:70] -WARNING:case_id:24230004&step:14151&&(特殊冲红逻辑校验)同步普通差额折扣发票特殊冲红-普通差额折扣发票特殊冲红-特殊冲红成功，且发票的原发票代码号码会入fp_ydm_yhm表-->插入成功
2020-02-19 17:53:29,525 -/Users/water/gin/git/generator/generator/tool/operateMysqlClass.py[line:70] -WARNING:case_id:24230004&step:14153&&(特殊冲红逻辑校验)同步单行收购通蓝票冲红-蓝票可以正常开具-->插入成功
2020-02-19 17:53:29,527 -/Users/water/gin/git/generator/generator/tool/operateMysqlClass.py[line:70] -WARNING:case_id:24230004&step:14155&&(特殊冲红逻辑校验)同步单行收购通蓝票冲红-2.可以正常冲红且红票的原发票代码号码不会入fp_ydm_yhm表-->插入成功
2020-02-19 17:53:29,530 -/Users/water/gin/git/generator/generator/tool/operateMysqlClass.py[line:70] -WARNING:case_id:24230004&step:14157&&(特殊冲红逻辑校验)同步单行带折扣差额收购通蓝票冲红-1.单行带折扣差额收购通蓝票正常开具-->插入成功
2020-02-19 17:53:29,533 -/Users/water/gin/git/generator/generator/tool/operateMysqlClass.py[line:70] -WARNING:case_id:24230004&step:14159&&(特殊冲红逻辑校验)同步单行带折扣差额收购通蓝票冲红-2.可以正常冲红且红票的原发票代码号码不会入fp_ydm_yhm表-->插入成功
2020-02-19 17:53:29,536 -/Users/water/gin/git/generator/generator/tool/operateMysqlClass.py[line:70] -WARNING:case_id:24230004&step:14161&&(特殊冲红逻辑校验)同步收购发票特殊冲红-收购发票特殊冲红-特殊冲红成功，且发票的原发票代码号码会入fp_ydm_yhm表-->插入成功
2020-02-19 17:53:29,540 -/Users/water/gin/git/generator/generator/tool/operateMysqlClass.py[line:70] -WARNING:case_id:24230004&step:14163&&(特殊冲红逻辑校验)同步特殊冲红后发票作废-特殊冲红后，再作废该发票-特殊冲红后，在fp_ydm_yhm表有信息，该票作废后，再查fp_ydm_yhm表，应无信息-->插入成功
2020-02-19 17:53:29,544 -/Users/water/gin/git/generator/generator/tool/operateMysqlClass.py[line:70] -WARNING:case_id:24230004&step:14165&&(折扣行规则)首行为被折扣行1-第一行FPHXZ=2，第二行FPHXZ=0-->插入成功
2020-02-19 17:53:29,548 -/Users/water/gin/git/generator/generator/tool/operateMysqlClass.py[line:70] -WARNING:case_id:24230004&step:14167&&(折扣行规则)首行为被折扣行2-第一行FPHXZ=2，第二行FPHXZ=1-->插入成功
2020-02-19 17:53:29,550 -/Users/water/gin/git/generator/generator/tool/operateMysqlClass.py[line:70] -WARNING:case_id:24230004&step:14169&&(折扣行规则)首行为被折扣行3-第一行FPHXZ=2，第二行FPHXZ=2-->插入成功
2020-02-19 17:53:29,553 -/Users/water/gin/git/generator/generator/tool/operateMysqlClass.py[line:70] -WARNING:case_id:24230004&step:14171&&(折扣行规则)首行为被折扣行4-第一行FPHXZ=2，第二行FPHXZ=3-->插入成功
2020-02-19 17:53:29,555 -/Users/water/gin/git/generator/generator/tool/operateMysqlClass.py[line:70] -WARNING:case_id:24230004&step:14173&&(折扣行规则)首行为折扣行-第一行FPHXZ=1-->插入成功
2020-02-19 17:53:29,557 -/Users/water/gin/git/generator/generator/tool/operateMysqlClass.py[line:70] -WARNING:case_id:24230004&step:14175&&(折扣行规则)首行为正常行1-第一行FPHXZ=0，第二行FPHXZ=1-->插入成功
2020-02-19 17:53:29,561 -/Users/water/gin/git/generator/generator/tool/operateMysqlClass.py[line:70] -WARNING:case_id:24230004&step:14177&&(折扣行规则)次行为被折扣行1-第一行FPHXZ=0，第二行FPHXZ=2，第三行FPHXZ=0-->插入成功
2020-02-19 17:53:29,564 -/Users/water/gin/git/generator/generator/tool/operateMysqlClass.py[line:70] -WARNING:case_id:24230004&step:14179&&(折扣行规则)次行为被折扣行2-第一行FPHXZ=0，第二行FPHXZ=2，第三行FPHXZ=2-->插入成功
2020-02-19 17:53:29,567 -/Users/water/gin/git/generator/generator/tool/operateMysqlClass.py[line:70] -WARNING:case_id:24230004&step:14181&&(折扣行规则)首行为正常行2-第一行FPHXZ=0，第二行FPHXZ=3-->插入成功
2020-02-19 17:53:29,570 -/Users/water/gin/git/generator/generator/tool/operateMysqlClass.py[line:70] -WARNING:case_id:24230004&step:14183&&(折扣行规则)次行为正常行1-第一行FPHXZ=0，第二行FPHXZ=0，第三行FPHXZ=1-->插入成功
2020-02-19 17:53:29,572 -/Users/water/gin/git/generator/generator/tool/operateMysqlClass.py[line:70] -WARNING:case_id:24230004&step:14185&&(折扣行规则)次行为正常行2-第一行FPHXZ=0，第二行FPHXZ=0，第三行FPHXZ=2-->插入成功
2020-02-19 17:53:29,574 -/Users/water/gin/git/generator/generator/tool/operateMysqlClass.py[line:70] -WARNING:case_id:24230004&step:14187&&(折扣行规则)次行为正常行3-第一行FPHXZ=0，第二行FPHXZ=0，第三行FPHXZ=3-->插入成功
2020-02-19 17:53:29,576 -/Users/water/gin/git/generator/generator/tool/operateMysqlClass.py[line:70] -WARNING:case_id:24230004&step:14189&&(折扣行规则)次行为空-第一行FPHXZ=0，第二行FPHXZ=空，第三行FPHXZ=2-->插入成功
2020-02-19 17:53:29,579 -/Users/water/gin/git/generator/generator/tool/operateMysqlClass.py[line:70] -WARNING:case_id:24230004&step:14191&&(折扣行规则)第三行为正常行1-第一行FPHXZ=0，第二行FPHXZ=0，第三行FPHXZ=0，第四行FPHXZ=1-->插入成功
2020-02-19 17:53:29,582 -/Users/water/gin/git/generator/generator/tool/operateMysqlClass.py[line:70] -WARNING:case_id:24230004&step:14193&&(折扣行规则)第三行为正常行2-第一行FPHXZ=0，第二行FPHXZ=0，第三行FPHXZ=0，第四行FPHXZ=2-->插入成功
2020-02-19 17:53:29,585 -/Users/water/gin/git/generator/generator/tool/operateMysqlClass.py[line:70] -WARNING:case_id:24230004&step:14195&&(折扣行规则)第三行为正常行3-第一行FPHXZ=0，第二行FPHXZ=0，第三行FPHXZ=0，第四行FPHXZ=3-->插入成功
2020-02-19 17:53:29,585 -/Users/water/gin/git/generator/generator/tool/operateMysqlClass.py[line:54] -WARNING:mysql closed!!
