2020-02-18 11:48:50,057 -/Users/water/gin/git/generator/generator/tool/generatorCase.py[line:35] -WARNING:case_generator.ini
2020-02-18 11:48:50,093 -/Users/water/gin/git/generator/generator/tool/operateMysqlClass.py[line:47] -WARNING:connect mysql successful!!
2020-02-18 11:48:50,173 -/Users/water/gin/git/generator/generator/tool/operateMysqlClass.py[line:70] -WARNING:case_id:24230003&step:10001&&gmf_nsrsbh_2019年正确日期T-->插入成功
2020-02-18 11:48:50,176 -/Users/water/gin/git/generator/generator/tool/operateMysqlClass.py[line:70] -WARNING:case_id:24230003&step:10002&&gmf_nsrsbh_错误月13月F-->插入成功
2020-02-18 11:48:50,177 -/Users/water/gin/git/generator/generator/tool/operateMysqlClass.py[line:70] -WARNING:case_id:24230003&step:10003&&gmf_nsrsbh_错误日12月32日F-->插入成功
2020-02-18 11:48:50,179 -/Users/water/gin/git/generator/generator/tool/operateMysqlClass.py[line:70] -WARNING:case_id:24230003&step:10004&&gmf_nsrsbh_错误时25时F-->插入成功
2020-02-18 11:48:50,180 -/Users/water/gin/git/generator/generator/tool/operateMysqlClass.py[line:70] -WARNING:case_id:24230003&step:10005&&gmf_nsrsbh_错误分60分F-->插入成功
2020-02-18 11:48:50,182 -/Users/water/gin/git/generator/generator/tool/operateMysqlClass.py[line:70] -WARNING:case_id:24230003&step:10006&&gmf_nsrsbh_错误秒60秒F-->插入成功
2020-02-18 11:48:50,183 -/Users/water/gin/git/generator/generator/tool/operateMysqlClass.py[line:70] -WARNING:case_id:24230003&step:10007&&gmf_nsrsbh_不存在的2月29日F-->插入成功
2020-02-18 11:48:50,184 -/Users/water/gin/git/generator/generator/tool/operateMysqlClass.py[line:70] -WARNING:case_id:24230003&step:10008&&gmf_nsrsbh_秒有小数F-->插入成功
2020-02-18 11:48:50,185 -/Users/water/gin/git/generator/generator/tool/operateMysqlClass.py[line:70] -WARNING:case_id:24230003&step:10009&&gmf_nsrsbh_正确日期时间前后有空格F-->插入成功
2020-02-18 11:48:50,187 -/Users/water/gin/git/generator/generator/tool/operateMysqlClass.py[line:70] -WARNING:case_id:24230003&step:10010&&gmf_nsrsbh_正确日期与时间之间多个空格F-->插入成功
2020-02-18 11:48:50,190 -/Users/water/gin/git/generator/generator/tool/operateMysqlClass.py[line:70] -WARNING:case_id:24230003&step:10011&&gmf_nsrsbh_年份前多一个0F-->插入成功
2020-02-18 11:48:50,191 -/Users/water/gin/git/generator/generator/tool/operateMysqlClass.py[line:70] -WARNING:case_id:24230003&step:10012&&gmf_nsrsbh_日期为12位的小写字母F-->插入成功
2020-02-18 11:48:50,193 -/Users/water/gin/git/generator/generator/tool/operateMysqlClass.py[line:70] -WARNING:case_id:24230003&step:10013&&gmf_nsrsbh_日期为12位的大写字母F-->插入成功
2020-02-18 11:48:50,194 -/Users/water/gin/git/generator/generator/tool/operateMysqlClass.py[line:70] -WARNING:case_id:24230003&step:10014&&gmf_nsrsbh_日期为12位的小写字母、数字F-->插入成功
2020-02-18 11:48:50,195 -/Users/water/gin/git/generator/generator/tool/operateMysqlClass.py[line:70] -WARNING:case_id:24230003&step:10015&&gmf_nsrsbh_日期为12位大写字母、数字F-->插入成功
2020-02-18 11:48:50,197 -/Users/water/gin/git/generator/generator/tool/operateMysqlClass.py[line:70] -WARNING:case_id:24230003&step:10016&&gmf_nsrsbh_日期为12位全角数字F-->插入成功
2020-02-18 11:48:50,198 -/Users/water/gin/git/generator/generator/tool/operateMysqlClass.py[line:70] -WARNING:case_id:24230003&step:10017&&gmf_nsrsbh_日期为12位的汉字F-->插入成功
2020-02-18 11:48:50,200 -/Users/water/gin/git/generator/generator/tool/operateMysqlClass.py[line:70] -WARNING:case_id:24230003&step:10018&&gmf_nsrsbh_日期为空值F-->插入成功
2020-02-18 11:48:50,201 -/Users/water/gin/git/generator/generator/tool/operateMysqlClass.py[line:70] -WARNING:case_id:24230003&step:10019&&gmf_nsrsbh_日期为null值F-->插入成功
2020-02-18 11:48:50,203 -/Users/water/gin/git/generator/generator/tool/operateMysqlClass.py[line:70] -WARNING:case_id:24230003&step:10020&&gmf_nsrsbh_sql注入1F-->插入成功
2020-02-18 11:48:50,204 -/Users/water/gin/git/generator/generator/tool/operateMysqlClass.py[line:70] -WARNING:case_id:24230003&step:10021&&gmf_nsrsbh_sql注入2F-->插入成功
2020-02-18 11:48:50,205 -/Users/water/gin/git/generator/generator/tool/operateMysqlClass.py[line:70] -WARNING:case_id:24230003&step:10022&&gmf_nsrsbh_日期为正确四位年月日时分秒-->插入成功
2020-02-18 11:48:50,207 -/Users/water/gin/git/generator/generator/tool/operateMysqlClass.py[line:70] -WARNING:case_id:24230003&step:10023&&gmf_nsrsbh_日期为正确四位年月日时分秒-->插入成功
2020-02-18 11:48:50,208 -/Users/water/gin/git/generator/generator/tool/operateMysqlClass.py[line:70] -WARNING:case_id:24230003&step:10024&&gmf_nsrsbh_日期为正确四位年-月-日 时:分:秒-->插入成功
2020-02-18 11:48:50,210 -/Users/water/gin/git/generator/generator/tool/operateMysqlClass.py[line:70] -WARNING:case_id:24230003&step:10025&&gmf_nsrsbh_日期为正确四位年-月-日 时:分-->插入成功
2020-02-18 11:48:50,212 -/Users/water/gin/git/generator/generator/tool/operateMysqlClass.py[line:70] -WARNING:case_id:24230003&step:10026&&gmf_nsrsbh_日期为正确四位年-月-日 时-->插入成功
2020-02-18 11:48:50,214 -/Users/water/gin/git/generator/generator/tool/operateMysqlClass.py[line:70] -WARNING:case_id:24230003&step:10027&&gmf_nsrsbh_日期为正确四位年-月-日-->插入成功
2020-02-18 11:48:50,215 -/Users/water/gin/git/generator/generator/tool/operateMysqlClass.py[line:70] -WARNING:case_id:24230003&step:10028&&gmf_nsrsbh_日期为正确四位年-月-->插入成功
2020-02-18 11:48:50,217 -/Users/water/gin/git/generator/generator/tool/operateMysqlClass.py[line:70] -WARNING:case_id:24230003&step:10029&&gmf_nsrsbh_日期为正确四位年-->插入成功
2020-02-18 11:48:50,218 -/Users/water/gin/git/generator/generator/tool/operateMysqlClass.py[line:70] -WARNING:case_id:24230003&step:10030&&gmf_nsrsbh_日期为正确两位年-月-日 时:分:秒-->插入成功
2020-02-18 11:48:50,220 -/Users/water/gin/git/generator/generator/tool/operateMysqlClass.py[line:70] -WARNING:case_id:24230003&step:10031&&gmf_nsrsbh_日期为正确两位年-月-日 时:分-->插入成功
2020-02-18 11:48:50,221 -/Users/water/gin/git/generator/generator/tool/operateMysqlClass.py[line:70] -WARNING:case_id:24230003&step:10032&&gmf_nsrsbh_日期为正确两位年-月-日 时-->插入成功
2020-02-18 11:48:50,223 -/Users/water/gin/git/generator/generator/tool/operateMysqlClass.py[line:70] -WARNING:case_id:24230003&step:10033&&gmf_nsrsbh_日期为正确两位年-月-日-->插入成功
2020-02-18 11:48:50,225 -/Users/water/gin/git/generator/generator/tool/operateMysqlClass.py[line:70] -WARNING:case_id:24230003&step:10034&&gmf_nsrsbh_日期为正确两位年-月-->插入成功
2020-02-18 11:48:50,226 -/Users/water/gin/git/generator/generator/tool/operateMysqlClass.py[line:70] -WARNING:case_id:24230003&step:10035&&gmf_nsrsbh_日期为两位年月日时分秒-->插入成功
2020-02-18 11:48:50,228 -/Users/water/gin/git/generator/generator/tool/operateMysqlClass.py[line:70] -WARNING:case_id:24230003&step:10036&&gmf_nsrsbh_日期为两位年月日时分秒-->插入成功
2020-02-18 11:48:50,229 -/Users/water/gin/git/generator/generator/tool/operateMysqlClass.py[line:70] -WARNING:case_id:24230003&step:10037&&gmf_nsrsbh_删除报文中此节点F-->插入成功
2020-02-18 11:48:50,234 -/Users/water/gin/git/generator/generator/tool/operateMysqlClass.py[line:70] -WARNING:case_id:24230003&step:10050&&skr_生成8位的数字T-->插入成功
2020-02-18 11:48:50,236 -/Users/water/gin/git/generator/generator/tool/operateMysqlClass.py[line:70] -WARNING:case_id:24230003&step:10051&&skr_生成9位的数字F-->插入成功
2020-02-18 11:48:50,238 -/Users/water/gin/git/generator/generator/tool/operateMysqlClass.py[line:70] -WARNING:case_id:24230003&step:10052&&skr_生成8位的数字（两边有空格）T-->插入成功
2020-02-18 11:48:50,239 -/Users/water/gin/git/generator/generator/tool/operateMysqlClass.py[line:70] -WARNING:case_id:24230003&step:10053&&skr_生成8位的数字（中间有空格）F-->插入成功
2020-02-18 11:48:50,240 -/Users/water/gin/git/generator/generator/tool/operateMysqlClass.py[line:70] -WARNING:case_id:24230003&step:10054&&skr_生成8位的大写字母T-->插入成功
2020-02-18 11:48:50,242 -/Users/water/gin/git/generator/generator/tool/operateMysqlClass.py[line:70] -WARNING:case_id:24230003&step:10055&&skr_生成9位的大写字母F-->插入成功
2020-02-18 11:48:50,245 -/Users/water/gin/git/generator/generator/tool/operateMysqlClass.py[line:70] -WARNING:case_id:24230003&step:10056&&skr_生成8位的小写字母T-->插入成功
2020-02-18 11:48:50,248 -/Users/water/gin/git/generator/generator/tool/operateMysqlClass.py[line:70] -WARNING:case_id:24230003&step:10057&&skr_生成9位的小写字母F-->插入成功
2020-02-18 11:48:50,251 -/Users/water/gin/git/generator/generator/tool/operateMysqlClass.py[line:70] -WARNING:case_id:24230003&step:10058&&skr_生成8位的小写字母、数字T-->插入成功
2020-02-18 11:48:50,253 -/Users/water/gin/git/generator/generator/tool/operateMysqlClass.py[line:70] -WARNING:case_id:24230003&step:10059&&skr_生成9位的小写字母、数字F-->插入成功
2020-02-18 11:48:50,254 -/Users/water/gin/git/generator/generator/tool/operateMysqlClass.py[line:70] -WARNING:case_id:24230003&step:10060&&skr_生成8位大写字母、数字T-->插入成功
2020-02-18 11:48:50,256 -/Users/water/gin/git/generator/generator/tool/operateMysqlClass.py[line:70] -WARNING:case_id:24230003&step:10061&&skr_生成9位大写字母、数字F-->插入成功
2020-02-18 11:48:50,258 -/Users/water/gin/git/generator/generator/tool/operateMysqlClass.py[line:70] -WARNING:case_id:24230003&step:10062&&skr_生成8位大小写字母、数字T-->插入成功
2020-02-18 11:48:50,260 -/Users/water/gin/git/generator/generator/tool/operateMysqlClass.py[line:70] -WARNING:case_id:24230003&step:10063&&skr_生成8位大小写字母T-->插入成功
2020-02-18 11:48:50,261 -/Users/water/gin/git/generator/generator/tool/operateMysqlClass.py[line:70] -WARNING:case_id:24230003&step:10064&&skr_生成8位的汉字T-->插入成功
2020-02-18 11:48:50,263 -/Users/water/gin/git/generator/generator/tool/operateMysqlClass.py[line:70] -WARNING:case_id:24230003&step:10065&&skr_生成9位的汉字F-->插入成功
2020-02-18 11:48:50,264 -/Users/water/gin/git/generator/generator/tool/operateMysqlClass.py[line:70] -WARNING:case_id:24230003&step:10066&&skr_生成8位的繁体字T-->插入成功
2020-02-18 11:48:50,265 -/Users/water/gin/git/generator/generator/tool/operateMysqlClass.py[line:70] -WARNING:case_id:24230003&step:10067&&skr_生成8位的难体字T-->插入成功
2020-02-18 11:48:50,267 -/Users/water/gin/git/generator/generator/tool/operateMysqlClass.py[line:70] -WARNING:case_id:24230003&step:10068&&skr_生成8位的特殊符号T-->插入成功
2020-02-18 11:48:50,269 -/Users/water/gin/git/generator/generator/tool/operateMysqlClass.py[line:70] -WARNING:case_id:24230003&step:10069&&skr_生成空值F-->插入成功
2020-02-18 11:48:50,271 -/Users/water/gin/git/generator/generator/tool/operateMysqlClass.py[line:70] -WARNING:case_id:24230003&step:10070&&skr_生成null值F-->插入成功
2020-02-18 11:48:50,272 -/Users/water/gin/git/generator/generator/tool/operateMysqlClass.py[line:70] -WARNING:case_id:24230003&step:10071&&skr_sql注入1T-->插入成功
2020-02-18 11:48:50,274 -/Users/water/gin/git/generator/generator/tool/operateMysqlClass.py[line:70] -WARNING:case_id:24230003&step:10072&&skr_sql注入2T-->插入成功
2020-02-18 11:48:50,276 -/Users/water/gin/git/generator/generator/tool/operateMysqlClass.py[line:70] -WARNING:case_id:24230003&step:10073&&skr_生成7位的数字T-->插入成功
2020-02-18 11:48:50,277 -/Users/water/gin/git/generator/generator/tool/operateMysqlClass.py[line:70] -WARNING:case_id:24230003&step:10074&&skr_生成7位的大写字母F-->插入成功
2020-02-18 11:48:50,279 -/Users/water/gin/git/generator/generator/tool/operateMysqlClass.py[line:70] -WARNING:case_id:24230003&step:10075&&skr_生成7位的小写字母F-->插入成功
2020-02-18 11:48:50,280 -/Users/water/gin/git/generator/generator/tool/operateMysqlClass.py[line:70] -WARNING:case_id:24230003&step:10076&&skr_输入值小明-->插入成功
2020-02-18 11:48:50,282 -/Users/water/gin/git/generator/generator/tool/operateMysqlClass.py[line:70] -WARNING:case_id:24230003&step:10077&&skr_输入值小红-->插入成功
2020-02-18 11:48:50,284 -/Users/water/gin/git/generator/generator/tool/operateMysqlClass.py[line:70] -WARNING:case_id:24230003&step:10078&&skr_输入值小王-->插入成功
2020-02-18 11:48:50,286 -/Users/water/gin/git/generator/generator/tool/operateMysqlClass.py[line:70] -WARNING:case_id:24230003&step:10079&&skr_删除报文中此节点F-->插入成功
2020-02-18 11:48:50,292 -/Users/water/gin/git/generator/generator/tool/operateMysqlClass.py[line:70] -WARNING:case_id:24230003&step:10092&&kplx_生成1位的正数T-->插入成功
2020-02-18 11:48:50,293 -/Users/water/gin/git/generator/generator/tool/operateMysqlClass.py[line:70] -WARNING:case_id:24230003&step:10093&&kplx_生成2位的正数F-->插入成功
2020-02-18 11:48:50,295 -/Users/water/gin/git/generator/generator/tool/operateMysqlClass.py[line:70] -WARNING:case_id:24230003&step:10094&&kplx_生成1位的正数（两边有空格）F-->插入成功
2020-02-18 11:48:50,296 -/Users/water/gin/git/generator/generator/tool/operateMysqlClass.py[line:70] -WARNING:case_id:24230003&step:10095&&kplx_生成1位的负数F-->插入成功
2020-02-18 11:48:50,297 -/Users/water/gin/git/generator/generator/tool/operateMysqlClass.py[line:70] -WARNING:case_id:24230003&step:10096&&kplx_生成2位的负数F-->插入成功
2020-02-18 11:48:50,299 -/Users/water/gin/git/generator/generator/tool/operateMysqlClass.py[line:70] -WARNING:case_id:24230003&step:10097&&kplx_生成1位的小写字母F-->插入成功
2020-02-18 11:48:50,300 -/Users/water/gin/git/generator/generator/tool/operateMysqlClass.py[line:70] -WARNING:case_id:24230003&step:10098&&kplx_生成1位的大写字母F-->插入成功
2020-02-18 11:48:50,301 -/Users/water/gin/git/generator/generator/tool/operateMysqlClass.py[line:70] -WARNING:case_id:24230003&step:10099&&kplx_生成1位全角数字F-->插入成功
2020-02-18 11:48:50,303 -/Users/water/gin/git/generator/generator/tool/operateMysqlClass.py[line:70] -WARNING:case_id:24230003&step:10100&&kplx_生成1位的汉字F-->插入成功
2020-02-18 11:48:50,304 -/Users/water/gin/git/generator/generator/tool/operateMysqlClass.py[line:70] -WARNING:case_id:24230003&step:10101&&kplx_生成1位的繁体字F-->插入成功
2020-02-18 11:48:50,306 -/Users/water/gin/git/generator/generator/tool/operateMysqlClass.py[line:70] -WARNING:case_id:24230003&step:10102&&kplx_生成1位的难体字F-->插入成功
2020-02-18 11:48:50,307 -/Users/water/gin/git/generator/generator/tool/operateMysqlClass.py[line:70] -WARNING:case_id:24230003&step:10103&&kplx_生成1位的特殊符号F-->插入成功
2020-02-18 11:48:50,309 -/Users/water/gin/git/generator/generator/tool/operateMysqlClass.py[line:70] -WARNING:case_id:24230003&step:10104&&kplx_生成空值F-->插入成功
2020-02-18 11:48:50,312 -/Users/water/gin/git/generator/generator/tool/operateMysqlClass.py[line:70] -WARNING:case_id:24230003&step:10105&&kplx_生成null值F-->插入成功
2020-02-18 11:48:50,315 -/Users/water/gin/git/generator/generator/tool/operateMysqlClass.py[line:70] -WARNING:case_id:24230003&step:10106&&kplx_sql注入1F-->插入成功
2020-02-18 11:48:50,317 -/Users/water/gin/git/generator/generator/tool/operateMysqlClass.py[line:70] -WARNING:case_id:24230003&step:10107&&kplx_sql注入2F-->插入成功
2020-02-18 11:48:50,318 -/Users/water/gin/git/generator/generator/tool/operateMysqlClass.py[line:70] -WARNING:case_id:24230003&step:10108&&kplx_输入值1-->插入成功
2020-02-18 11:48:50,320 -/Users/water/gin/git/generator/generator/tool/operateMysqlClass.py[line:70] -WARNING:case_id:24230003&step:10109&&kplx_输入值2-->插入成功
2020-02-18 11:48:50,322 -/Users/water/gin/git/generator/generator/tool/operateMysqlClass.py[line:70] -WARNING:case_id:24230003&step:10110&&kplx_输入值3-->插入成功
2020-02-18 11:48:50,324 -/Users/water/gin/git/generator/generator/tool/operateMysqlClass.py[line:70] -WARNING:case_id:24230003&step:10111&&kplx_输入值4-->插入成功
2020-02-18 11:48:50,326 -/Users/water/gin/git/generator/generator/tool/operateMysqlClass.py[line:70] -WARNING:case_id:24230003&step:10112&&kplx_删除报文中此节点F-->插入成功
2020-02-18 11:48:50,330 -/Users/water/gin/git/generator/generator/tool/operateMysqlClass.py[line:70] -WARNING:case_id:24230003&step:10125&&fpqqlsh_生成1位的数字T-->插入成功
2020-02-18 11:48:50,332 -/Users/water/gin/git/generator/generator/tool/operateMysqlClass.py[line:70] -WARNING:case_id:24230003&step:10126&&fpqqlsh_生成2位的数字F-->插入成功
2020-02-18 11:48:50,333 -/Users/water/gin/git/generator/generator/tool/operateMysqlClass.py[line:70] -WARNING:case_id:24230003&step:10127&&fpqqlsh_生成1位的数字（两边有空格）F-->插入成功
2020-02-18 11:48:50,335 -/Users/water/gin/git/generator/generator/tool/operateMysqlClass.py[line:70] -WARNING:case_id:24230003&step:10128&&fpqqlsh_生成1位的大写字母T-->插入成功
2020-02-18 11:48:50,336 -/Users/water/gin/git/generator/generator/tool/operateMysqlClass.py[line:70] -WARNING:case_id:24230003&step:10129&&fpqqlsh_生成2位的大写字母F-->插入成功
2020-02-18 11:48:50,338 -/Users/water/gin/git/generator/generator/tool/operateMysqlClass.py[line:70] -WARNING:case_id:24230003&step:10130&&fpqqlsh_生成1位的小写字母F-->插入成功
2020-02-18 11:48:50,339 -/Users/water/gin/git/generator/generator/tool/operateMysqlClass.py[line:70] -WARNING:case_id:24230003&step:10131&&fpqqlsh_生成2位的小写字母F-->插入成功
2020-02-18 11:48:50,341 -/Users/water/gin/git/generator/generator/tool/operateMysqlClass.py[line:70] -WARNING:case_id:24230003&step:10132&&fpqqlsh_生成2位的小写字母、数字F-->插入成功
2020-02-18 11:48:50,342 -/Users/water/gin/git/generator/generator/tool/operateMysqlClass.py[line:70] -WARNING:case_id:24230003&step:10133&&fpqqlsh_生成2位大写字母、数字F-->插入成功
2020-02-18 11:48:50,344 -/Users/water/gin/git/generator/generator/tool/operateMysqlClass.py[line:70] -WARNING:case_id:24230003&step:10134&&fpqqlsh_生成1位全角数字F-->插入成功
2020-02-18 11:48:50,346 -/Users/water/gin/git/generator/generator/tool/operateMysqlClass.py[line:70] -WARNING:case_id:24230003&step:10135&&fpqqlsh_生成1位的汉字F-->插入成功
2020-02-18 11:48:50,348 -/Users/water/gin/git/generator/generator/tool/operateMysqlClass.py[line:70] -WARNING:case_id:24230003&step:10136&&fpqqlsh_生成2位的汉字F-->插入成功
2020-02-18 11:48:50,349 -/Users/water/gin/git/generator/generator/tool/operateMysqlClass.py[line:70] -WARNING:case_id:24230003&step:10137&&fpqqlsh_生成1位的繁体字F-->插入成功
2020-02-18 11:48:50,350 -/Users/water/gin/git/generator/generator/tool/operateMysqlClass.py[line:70] -WARNING:case_id:24230003&step:10138&&fpqqlsh_生成1位的难体字F-->插入成功
2020-02-18 11:48:50,352 -/Users/water/gin/git/generator/generator/tool/operateMysqlClass.py[line:70] -WARNING:case_id:24230003&step:10139&&fpqqlsh_生成1位的特殊符号F-->插入成功
2020-02-18 11:48:50,353 -/Users/water/gin/git/generator/generator/tool/operateMysqlClass.py[line:70] -WARNING:case_id:24230003&step:10140&&fpqqlsh_生成空值F-->插入成功
2020-02-18 11:48:50,354 -/Users/water/gin/git/generator/generator/tool/operateMysqlClass.py[line:70] -WARNING:case_id:24230003&step:10141&&fpqqlsh_生成null值F-->插入成功
2020-02-18 11:48:50,355 -/Users/water/gin/git/generator/generator/tool/operateMysqlClass.py[line:70] -WARNING:case_id:24230003&step:10142&&fpqqlsh_sql注入1F-->插入成功
2020-02-18 11:48:50,357 -/Users/water/gin/git/generator/generator/tool/operateMysqlClass.py[line:70] -WARNING:case_id:24230003&step:10143&&fpqqlsh_sql注入2F-->插入成功
2020-02-18 11:48:50,358 -/Users/water/gin/git/generator/generator/tool/operateMysqlClass.py[line:70] -WARNING:case_id:24230003&step:10144&&fpqqlsh_生成超长位数数字T-->插入成功
2020-02-18 11:48:50,361 -/Users/water/gin/git/generator/generator/tool/operateMysqlClass.py[line:70] -WARNING:case_id:24230003&step:10145&&fpqqlsh_输入值aaaaaaaaaaaaa-->插入成功
2020-02-18 11:48:50,365 -/Users/water/gin/git/generator/generator/tool/operateMysqlClass.py[line:70] -WARNING:case_id:24230003&step:10146&&fpqqlsh_输入值bbbbbbbbbbbbbbbbbb-->插入成功
2020-02-18 11:48:50,367 -/Users/water/gin/git/generator/generator/tool/operateMysqlClass.py[line:70] -WARNING:case_id:24230003&step:10147&&fpqqlsh_输入值cccccccccccccc-->插入成功
2020-02-18 11:48:50,369 -/Users/water/gin/git/generator/generator/tool/operateMysqlClass.py[line:70] -WARNING:case_id:24230003&step:10148&&fpqqlsh_输入值cccccccccccccccdd-->插入成功
2020-02-18 11:48:50,370 -/Users/water/gin/git/generator/generator/tool/operateMysqlClass.py[line:70] -WARNING:case_id:24230003&step:10149&&fpqqlsh_输入值eeeeeeeeeeeeeee-->插入成功
2020-02-18 11:48:50,371 -/Users/water/gin/git/generator/generator/tool/operateMysqlClass.py[line:70] -WARNING:case_id:24230003&step:10150&&fpqqlsh_删除报文中此节点F-->插入成功
2020-02-18 11:48:50,377 -/Users/water/gin/git/generator/generator/tool/operateMysqlClass.py[line:70] -WARNING:case_id:24230003&step:10163&&hjse_生成10,2位的正小数T-->插入成功
2020-02-18 11:48:50,379 -/Users/water/gin/git/generator/generator/tool/operateMysqlClass.py[line:70] -WARNING:case_id:24230003&step:10164&&hjse_生成11位的正数F-->插入成功
2020-02-18 11:48:50,380 -/Users/water/gin/git/generator/generator/tool/operateMysqlClass.py[line:70] -WARNING:case_id:24230003&step:10165&&hjse_生成10,2位的正小数（两边有空格）F-->插入成功
2020-02-18 11:48:50,382 -/Users/water/gin/git/generator/generator/tool/operateMysqlClass.py[line:70] -WARNING:case_id:24230003&step:10166&&hjse_生成10,2位的负小数F-->插入成功
2020-02-18 11:48:50,384 -/Users/water/gin/git/generator/generator/tool/operateMysqlClass.py[line:70] -WARNING:case_id:24230003&step:10167&&hjse_生成11位的负数F-->插入成功
2020-02-18 11:48:50,386 -/Users/water/gin/git/generator/generator/tool/operateMysqlClass.py[line:70] -WARNING:case_id:24230003&step:10168&&hjse_生成10位的小写字母F-->插入成功
2020-02-18 11:48:50,387 -/Users/water/gin/git/generator/generator/tool/operateMysqlClass.py[line:70] -WARNING:case_id:24230003&step:10169&&hjse_生成10位的大写字母F-->插入成功
2020-02-18 11:48:50,389 -/Users/water/gin/git/generator/generator/tool/operateMysqlClass.py[line:70] -WARNING:case_id:24230003&step:10170&&hjse_生成10位的小写字母、数字F-->插入成功
2020-02-18 11:48:50,390 -/Users/water/gin/git/generator/generator/tool/operateMysqlClass.py[line:70] -WARNING:case_id:24230003&step:10171&&hjse_生成10位大写字母、数字F-->插入成功
2020-02-18 11:48:50,392 -/Users/water/gin/git/generator/generator/tool/operateMysqlClass.py[line:70] -WARNING:case_id:24230003&step:10172&&hjse_生成10位的汉字F-->插入成功
2020-02-18 11:48:50,393 -/Users/water/gin/git/generator/generator/tool/operateMysqlClass.py[line:70] -WARNING:case_id:24230003&step:10173&&hjse_生成10位的繁体字F-->插入成功
2020-02-18 11:48:50,395 -/Users/water/gin/git/generator/generator/tool/operateMysqlClass.py[line:70] -WARNING:case_id:24230003&step:10174&&hjse_生成10位的难体字F-->插入成功
2020-02-18 11:48:50,396 -/Users/water/gin/git/generator/generator/tool/operateMysqlClass.py[line:70] -WARNING:case_id:24230003&step:10175&&hjse_生成10位的特殊符号F-->插入成功
2020-02-18 11:48:50,398 -/Users/water/gin/git/generator/generator/tool/operateMysqlClass.py[line:70] -WARNING:case_id:24230003&step:10176&&hjse_生成空值F-->插入成功
2020-02-18 11:48:50,400 -/Users/water/gin/git/generator/generator/tool/operateMysqlClass.py[line:70] -WARNING:case_id:24230003&step:10177&&hjse_生成null值F-->插入成功
2020-02-18 11:48:50,402 -/Users/water/gin/git/generator/generator/tool/operateMysqlClass.py[line:70] -WARNING:case_id:24230003&step:10178&&hjse_sql注入1F-->插入成功
2020-02-18 11:48:50,404 -/Users/water/gin/git/generator/generator/tool/operateMysqlClass.py[line:70] -WARNING:case_id:24230003&step:10179&&hjse_sql注入2F-->插入成功
2020-02-18 11:48:50,405 -/Users/water/gin/git/generator/generator/tool/operateMysqlClass.py[line:70] -WARNING:case_id:24230003&step:10180&&hjse_删除报文中此节点F-->插入成功
2020-02-18 11:48:50,405 -/Users/water/gin/git/generator/generator/tool/operateMysqlClass.py[line:54] -WARNING:mysql closed!!
