2020-02-19 17:46:08,655 -/Users/water/gin/git/generator/generator/tool/generatorCase.py[line:37] -WARNING:case_generator.ini
2020-02-19 17:46:08,743 -/Users/water/gin/git/generator/generator/tool/operateMysqlClass.py[line:47] -WARNING:connect mysql successful!!
2020-02-19 17:46:08,909 -/Users/water/gin/git/generator/generator/tool/operateMysqlClass.py[line:70] -WARNING:case_id:24230004&step:10001&&蓝票正常全额冲红-开蓝票--->插入成功
2020-02-19 17:46:08,912 -/Users/water/gin/git/generator/generator/tool/operateMysqlClass.py[line:70] -WARNING:case_id:24230004&step:10003&&蓝票正常全额冲红-蓝票冲红--->插入成功
2020-02-19 17:46:08,914 -/Users/water/gin/git/generator/generator/tool/operateMysqlClass.py[line:70] -WARNING:case_id:24230004&step:10005&&蓝票正常部分额度冲红-开蓝票--->插入成功
2020-02-19 17:46:08,916 -/Users/water/gin/git/generator/generator/tool/operateMysqlClass.py[line:70] -WARNING:case_id:24230004&step:10007&&蓝票正常部分额度冲红-蓝票冲红--->插入成功
2020-02-19 17:46:08,918 -/Users/water/gin/git/generator/generator/tool/operateMysqlClass.py[line:70] -WARNING:case_id:24230004&step:10009&&普通蓝票全额冲红差额征税票-差额蓝票--->插入成功
2020-02-19 17:46:08,921 -/Users/water/gin/git/generator/generator/tool/operateMysqlClass.py[line:70] -WARNING:case_id:24230004&step:10011&&普通蓝票全额冲红差额征税票-差额蓝票冲红-F--->插入成功
2020-02-19 17:46:08,923 -/Users/water/gin/git/generator/generator/tool/operateMysqlClass.py[line:70] -WARNING:case_id:24230004&step:10013&&差额征税蓝票全额冲红普通蓝票-开蓝票--->插入成功
2020-02-19 17:46:08,928 -/Users/water/gin/git/generator/generator/tool/operateMysqlClass.py[line:70] -WARNING:case_id:24230004&step:10015&&差额征税蓝票全额冲红普通蓝票-蓝票冲红--->插入成功
2020-02-19 17:46:08,932 -/Users/water/gin/git/generator/generator/tool/operateMysqlClass.py[line:70] -WARNING:case_id:24230004&step:10017&&普通蓝票全额冲红收购票-开蓝票-->插入成功
2020-02-19 17:46:08,934 -/Users/water/gin/git/generator/generator/tool/operateMysqlClass.py[line:70] -WARNING:case_id:24230004&step:10019&&普通蓝票全额冲红收购票-全额冲红-->插入成功
2020-02-19 17:46:08,936 -/Users/water/gin/git/generator/generator/tool/operateMysqlClass.py[line:70] -WARNING:case_id:24230004&step:10021&&收购票全额冲红普通蓝票-开蓝票-->插入成功
2020-02-19 17:46:08,938 -/Users/water/gin/git/generator/generator/tool/operateMysqlClass.py[line:70] -WARNING:case_id:24230004&step:10023&&收购票全额冲红普通蓝票-全额冲红-->插入成功
2020-02-19 17:46:08,941 -/Users/water/gin/git/generator/generator/tool/operateMysqlClass.py[line:70] -WARNING:case_id:24230004&step:10025&&差额征税票全额冲红收购票-开蓝票-->插入成功
2020-02-19 17:46:08,943 -/Users/water/gin/git/generator/generator/tool/operateMysqlClass.py[line:70] -WARNING:case_id:24230004&step:10027&&差额征税票全额冲红收购票-全额冲红-->插入成功
2020-02-19 17:46:08,947 -/Users/water/gin/git/generator/generator/tool/operateMysqlClass.py[line:70] -WARNING:case_id:24230004&step:10029&&收购票全额冲红差额征税票-开蓝票-->插入成功
2020-02-19 17:46:08,951 -/Users/water/gin/git/generator/generator/tool/operateMysqlClass.py[line:70] -WARNING:case_id:24230004&step:10031&&收购票全额冲红差额征税票-全额冲红-->插入成功
2020-02-19 17:46:08,954 -/Users/water/gin/git/generator/generator/tool/operateMysqlClass.py[line:70] -WARNING:case_id:24230004&step:10033&&普通蓝票冲红普通折扣票-开蓝票-->插入成功
2020-02-19 17:46:08,956 -/Users/water/gin/git/generator/generator/tool/operateMysqlClass.py[line:70] -WARNING:case_id:24230004&step:10035&&普通蓝票冲红普通折扣票-全额冲红-->插入成功
2020-02-19 17:46:08,959 -/Users/water/gin/git/generator/generator/tool/operateMysqlClass.py[line:70] -WARNING:case_id:24230004&step:10037&&普通折扣冲红普通蓝票-开蓝票-->插入成功
2020-02-19 17:46:08,961 -/Users/water/gin/git/generator/generator/tool/operateMysqlClass.py[line:70] -WARNING:case_id:24230004&step:10039&&普通折扣冲红普通蓝票-全额冲红-->插入成功
2020-02-19 17:46:08,963 -/Users/water/gin/git/generator/generator/tool/operateMysqlClass.py[line:70] -WARNING:case_id:24230004&step:10041&&开正常蓝票时，报文存在原发票代码，原发票号码，备注时-F--->插入成功
2020-02-19 17:46:08,965 -/Users/water/gin/git/generator/generator/tool/operateMysqlClass.py[line:70] -WARNING:case_id:24230004&step:10043&&差额冲红差额，扣除额不一致-开蓝票-->插入成功
2020-02-19 17:46:08,967 -/Users/water/gin/git/generator/generator/tool/operateMysqlClass.py[line:70] -WARNING:case_id:24230004&step:10045&&差额冲红差额，扣除额不一致-全额冲红-->插入成功
2020-02-19 17:46:08,969 -/Users/water/gin/git/generator/generator/tool/operateMysqlClass.py[line:70] -WARNING:case_id:24230004&step:10047&&差额冲红差额，扣除额一致-开蓝票-->插入成功
2020-02-19 17:46:08,971 -/Users/water/gin/git/generator/generator/tool/operateMysqlClass.py[line:70] -WARNING:case_id:24230004&step:10049&&差额冲红差额，扣除额一致-T-全额冲红-->插入成功
2020-02-19 17:46:08,973 -/Users/water/gin/git/generator/generator/tool/operateMysqlClass.py[line:70] -WARNING:case_id:24230004&step:10051&&收购发票红蓝票都带扣除额-开蓝票-->插入成功
2020-02-19 17:46:08,975 -/Users/water/gin/git/generator/generator/tool/operateMysqlClass.py[line:70] -WARNING:case_id:24230004&step:10053&&收购发票红蓝票都带扣除额-全额冲红-->插入成功
2020-02-19 17:46:08,977 -/Users/water/gin/git/generator/generator/tool/operateMysqlClass.py[line:70] -WARNING:case_id:24230004&step:10055&&同税率同商品编码单行-1.开具单行蓝票-->插入成功
2020-02-19 17:46:08,979 -/Users/water/gin/git/generator/generator/tool/operateMysqlClass.py[line:70] -WARNING:case_id:24230004&step:10057&&同税率同商品编码单行-1.开具单行蓝票-->插入成功
2020-02-19 17:46:08,981 -/Users/water/gin/git/generator/generator/tool/operateMysqlClass.py[line:70] -WARNING:case_id:24230004&step:10059&&同税率同商品编码单行-1.开具单行蓝票-->插入成功
2020-02-19 17:46:08,984 -/Users/water/gin/git/generator/generator/tool/operateMysqlClass.py[line:70] -WARNING:case_id:24230004&step:10061&&同税率同商品编码单行-1.开具单行蓝票-->插入成功
2020-02-19 17:46:08,988 -/Users/water/gin/git/generator/generator/tool/operateMysqlClass.py[line:70] -WARNING:case_id:24230004&step:10063&&同税率同商品编码单行-1.开具单行蓝票-->插入成功
2020-02-19 17:46:08,990 -/Users/water/gin/git/generator/generator/tool/operateMysqlClass.py[line:70] -WARNING:case_id:24230004&step:10065&&同税率同商品编码单行-1.开具单行蓝票-->插入成功
2020-02-19 17:46:08,992 -/Users/water/gin/git/generator/generator/tool/operateMysqlClass.py[line:70] -WARNING:case_id:24230004&step:10067&&同税率同商品编码单行-1.开具单行蓝票-->插入成功
2020-02-19 17:46:08,993 -/Users/water/gin/git/generator/generator/tool/operateMysqlClass.py[line:70] -WARNING:case_id:24230004&step:10069&&同税率同商品编码单行-1.开具单行蓝票-->插入成功
2020-02-19 17:46:08,995 -/Users/water/gin/git/generator/generator/tool/operateMysqlClass.py[line:70] -WARNING:case_id:24230004&step:10071&&不同税率同商品编码单行税额一致-2.对该蓝票冲红，商品名和商品编码与蓝票一致，税率不同，金额税额与蓝票一致-->插入成功
2020-02-19 17:46:08,997 -/Users/water/gin/git/generator/generator/tool/operateMysqlClass.py[line:70] -WARNING:case_id:24230004&step:10073&&不同税率同商品编码单行税额不一致-2.对该蓝票冲红，商品名和商品编码与蓝票一致，税率不同，金额与蓝票一致，税额不一致-->插入成功
2020-02-19 17:46:08,999 -/Users/water/gin/git/generator/generator/tool/operateMysqlClass.py[line:70] -WARNING:case_id:24230004&step:10075&&不同税率同商品编码单行金额不一致-2.对该蓝票冲红，商品名和商品编码与蓝票一致，税率不同，税额与蓝票一致，金额不一致-->插入成功
2020-02-19 17:46:09,001 -/Users/water/gin/git/generator/generator/tool/operateMysqlClass.py[line:70] -WARNING:case_id:24230004&step:10077&&不同税率不同商品编码单行金额税额一致-2.对该蓝票冲红，商品名和商品编码和税率与蓝票都不一致，但金额税额与蓝票一致-->插入成功
2020-02-19 17:46:09,005 -/Users/water/gin/git/generator/generator/tool/operateMysqlClass.py[line:70] -WARNING:case_id:24230004&step:10079&&不同税率不同商品编码单行金额不一致-2.对该蓝票冲红，商品名和商品编码和税率与蓝票都不一致，税额与蓝票一致，但金额不一致-->插入成功
2020-02-19 17:46:09,008 -/Users/water/gin/git/generator/generator/tool/operateMysqlClass.py[line:70] -WARNING:case_id:24230004&step:10081&&不同税率不同商品编码单行税额不一致-2.对该蓝票冲红，商品名和商品编码和税率与蓝票都不一致，金额与蓝票一致，但税额不一致-->插入成功
2020-02-19 17:46:09,011 -/Users/water/gin/git/generator/generator/tool/operateMysqlClass.py[line:70] -WARNING:case_id:24230004&step:10083&&同税率同商品编码同顺序3行金额税额一致-1.开具3行蓝票-->插入成功
2020-02-19 17:46:09,014 -/Users/water/gin/git/generator/generator/tool/operateMysqlClass.py[line:70] -WARNING:case_id:24230004&step:10085&&同税率同商品编码同顺序3行金额税额一致-1.开具3行蓝票-->插入成功
2020-02-19 17:46:09,017 -/Users/water/gin/git/generator/generator/tool/operateMysqlClass.py[line:70] -WARNING:case_id:24230004&step:10087&&同税率同商品编码同顺序3行金额税额一致-1.开具3行蓝票-->插入成功
2020-02-19 17:46:09,019 -/Users/water/gin/git/generator/generator/tool/operateMysqlClass.py[line:70] -WARNING:case_id:24230004&step:10089&&同税率同商品编码同顺序3行金额税额一致-1.开具3行蓝票-->插入成功
2020-02-19 17:46:09,022 -/Users/water/gin/git/generator/generator/tool/operateMysqlClass.py[line:70] -WARNING:case_id:24230004&step:10091&&同税率同商品编码同顺序3行金额税额一致-1.开具3行蓝票-->插入成功
2020-02-19 17:46:09,024 -/Users/water/gin/git/generator/generator/tool/operateMysqlClass.py[line:70] -WARNING:case_id:24230004&step:10093&&同税率同商品编码同顺序3行金额税额一致-1.开具3行蓝票-->插入成功
2020-02-19 17:46:09,027 -/Users/water/gin/git/generator/generator/tool/operateMysqlClass.py[line:70] -WARNING:case_id:24230004&step:10095&&同税率同商品编码同顺序3行金额税额一致-1.开具3行蓝票-->插入成功
2020-02-19 17:46:09,031 -/Users/water/gin/git/generator/generator/tool/operateMysqlClass.py[line:70] -WARNING:case_id:24230004&step:10097&&同税率同商品编码同顺序3行金额税额一致-2.对该蓝票冲红，商品名和商品编码和税率值与顺序都与蓝票一致，金额税额与蓝票一致-->插入成功
2020-02-19 17:46:09,033 -/Users/water/gin/git/generator/generator/tool/operateMysqlClass.py[line:70] -WARNING:case_id:24230004&step:10099&&同税率同商品编码不同顺序3行金额税额一致-2.对该蓝票冲红，商品名和商品编码和税率值与蓝票一致但顺序与蓝票不一致，金额税额与蓝票一致-->插入成功
2020-02-19 17:46:09,036 -/Users/water/gin/git/generator/generator/tool/operateMysqlClass.py[line:70] -WARNING:case_id:24230004&step:10101&&不同税率不同商品编码3行金额税额一致-2.对该蓝票冲红，商品行数为4行，商品编码和税率值与蓝票均不一致，金额税额与蓝票一致-->插入成功
2020-02-19 17:46:09,039 -/Users/water/gin/git/generator/generator/tool/operateMysqlClass.py[line:70] -WARNING:case_id:24230004&step:10103&&同税率同商品编码同顺序3行金额不一致-
2.对该蓝票冲红，商品名和商品编码和税率值与顺序都与蓝票一致，税额与蓝票一致，但金额不一致-->插入成功
2020-02-19 17:46:09,041 -/Users/water/gin/git/generator/generator/tool/operateMysqlClass.py[line:70] -WARNING:case_id:24230004&step:10105&&同税率同商品编码同顺序3行税额不一致-2.对该蓝票冲红，商品名和商品编码和税率值与顺序都与蓝票一致，金额与蓝票一致，但税额不一致-->插入成功
2020-02-19 17:46:09,045 -/Users/water/gin/git/generator/generator/tool/operateMysqlClass.py[line:70] -WARNING:case_id:24230004&step:10107&&不同税率不同商品编码3行金额不一致-2.对该蓝票冲红，商品行数为4行，商品编码和税率值与蓝票均不一致，税额与蓝票一致，但金额不一致-->插入成功
2020-02-19 17:46:09,047 -/Users/water/gin/git/generator/generator/tool/operateMysqlClass.py[line:70] -WARNING:case_id:24230004&step:10109&&不同税率不同商品编码3行税额不一致-2.对该蓝票冲红，商品行数为4行，商品编码和税率值与蓝票均不一致，金额与蓝票一致，但税额不一致-->插入成功
2020-02-19 17:46:09,051 -/Users/water/gin/git/generator/generator/tool/operateMysqlClass.py[line:70] -WARNING:case_id:24230004&step:10111&&同税率同商品编码9行同顺序金额税额一致-1.开具9行蓝票-->插入成功
2020-02-19 17:46:09,055 -/Users/water/gin/git/generator/generator/tool/operateMysqlClass.py[line:70] -WARNING:case_id:24230004&step:10113&&同税率同商品编码9行同顺序金额税额一致-1.开具9行蓝票-->插入成功
2020-02-19 17:46:09,059 -/Users/water/gin/git/generator/generator/tool/operateMysqlClass.py[line:70] -WARNING:case_id:24230004&step:10115&&同税率同商品编码9行同顺序金额税额一致-1.开具9行蓝票-->插入成功
2020-02-19 17:46:09,063 -/Users/water/gin/git/generator/generator/tool/operateMysqlClass.py[line:70] -WARNING:case_id:24230004&step:10117&&同税率同商品编码9行同顺序金额税额一致-1.开具9行蓝票-->插入成功
2020-02-19 17:46:09,067 -/Users/water/gin/git/generator/generator/tool/operateMysqlClass.py[line:70] -WARNING:case_id:24230004&step:10119&&同税率同商品编码9行同顺序金额税额一致-1.开具9行蓝票-->插入成功
2020-02-19 17:46:09,071 -/Users/water/gin/git/generator/generator/tool/operateMysqlClass.py[line:70] -WARNING:case_id:24230004&step:10121&&同税率同商品编码9行同顺序金额税额一致-1.开具9行蓝票-->插入成功
2020-02-19 17:46:09,075 -/Users/water/gin/git/generator/generator/tool/operateMysqlClass.py[line:70] -WARNING:case_id:24230004&step:10123&&同税率同商品编码9行同顺序金额税额一致-1.开具9行蓝票-->插入成功
2020-02-19 17:46:09,078 -/Users/water/gin/git/generator/generator/tool/operateMysqlClass.py[line:70] -WARNING:case_id:24230004&step:10125&&同税率同商品编码9行同顺序金额税额一致-2.对该蓝票冲红，商品名和商品编码和税率值与顺序都与蓝票一致，金额税额与蓝票一致-->插入成功
2020-02-19 17:46:09,080 -/Users/water/gin/git/generator/generator/tool/operateMysqlClass.py[line:70] -WARNING:case_id:24230004&step:10127&&同税率同商品编码9行同顺序金额不一致-2.对该蓝票冲红，商品名和商品编码和税率值与顺序都与蓝票一致，税额与蓝票一致，但金额不一致-->插入成功
2020-02-19 17:46:09,083 -/Users/water/gin/git/generator/generator/tool/operateMysqlClass.py[line:70] -WARNING:case_id:24230004&step:10129&&同税率同商品编码9行同顺序税额不一致-2.对该蓝票冲红，商品名和商品编码和税率值与顺序都与蓝票一致，金额与蓝票一致，但税额不一致-->插入成功
2020-02-19 17:46:09,088 -/Users/water/gin/git/generator/generator/tool/operateMysqlClass.py[line:70] -WARNING:case_id:24230004&step:10131&&同税率同商品编码9行不同顺序金额税额一致-2.对该蓝票冲红，商品名和商品编码和税率值与蓝票一致，但顺序与蓝票不一致，金额税额与蓝票一致-->插入成功
2020-02-19 17:46:09,092 -/Users/water/gin/git/generator/generator/tool/operateMysqlClass.py[line:70] -WARNING:case_id:24230004&step:10133&&不同税率不同商品编码9行金额税额一致-2.对该蓝票冲红，商品行数为10行，商品编码和税率值与蓝票均不一致，金额税额与蓝票一致-->插入成功
2020-02-19 17:46:09,096 -/Users/water/gin/git/generator/generator/tool/operateMysqlClass.py[line:70] -WARNING:case_id:24230004&step:10135&&不同税率不同商品编码9行金额不一致-2.对该蓝票冲红，商品行数为10行，商品编码和税率值与蓝票均不一致，税额与蓝票一致，但金额不一致-->插入成功
2020-02-19 17:46:09,100 -/Users/water/gin/git/generator/generator/tool/operateMysqlClass.py[line:70] -WARNING:case_id:24230004&step:10137&&不同税率不同商品编码9行税额不一致-2.对该蓝票冲红，商品行数为10行，商品编码和税率值与蓝票均不一致，金额与蓝票一致，但税额不一致-->插入成功
2020-02-19 17:46:09,101 -/Users/water/gin/git/generator/generator/tool/operateMysqlClass.py[line:70] -WARNING:case_id:24230004&step:10139&&(特殊冲红逻辑校验)同步单行普通蓝票冲红-1.开具单行普通蓝票-->插入成功
2020-02-19 17:46:09,103 -/Users/water/gin/git/generator/generator/tool/operateMysqlClass.py[line:70] -WARNING:case_id:24230004&step:10141&&(特殊冲红逻辑校验)同步单行普通蓝票冲红-2.对其冲红-2.可以正常冲红且红票的原发票代码号码不会入fp_ydm_yhm表-->插入成功
2020-02-19 17:46:09,105 -/Users/water/gin/git/generator/generator/tool/operateMysqlClass.py[line:70] -WARNING:case_id:24230004&step:10143&&(特殊冲红逻辑校验)同步单行带折扣差额普通蓝票冲红-1.单行带折扣差额普通蓝票-->插入成功
2020-02-19 17:46:09,107 -/Users/water/gin/git/generator/generator/tool/operateMysqlClass.py[line:70] -WARNING:case_id:24230004&step:10145&&(特殊冲红逻辑校验)同步单行带折扣差额普通蓝票冲红-2.可以正常冲红且红票的原发票代码号码不会入fp_ydm_yhm表-->插入成功
2020-02-19 17:46:09,112 -/Users/water/gin/git/generator/generator/tool/operateMysqlClass.py[line:70] -WARNING:case_id:24230004&step:10147&&(特殊冲红逻辑校验)同步普通发票特殊冲红-普通发票特殊冲红（原发票代码为不存在的票）-特殊冲红成功，且发票的原发票代码号码会入fp_ydm_yhm表-->插入成功
2020-02-19 17:46:09,115 -/Users/water/gin/git/generator/generator/tool/operateMysqlClass.py[line:70] -WARNING:case_id:24230004&step:10149&&(特殊冲红逻辑校验)同步普通差额发票特殊冲红-普通差额发票特殊冲红-特殊冲红成功，且发票的原发票代码号码会入fp_ydm_yhm表-->插入成功
2020-02-19 17:46:09,117 -/Users/water/gin/git/generator/generator/tool/operateMysqlClass.py[line:70] -WARNING:case_id:24230004&step:10151&&(特殊冲红逻辑校验)同步普通差额折扣发票特殊冲红-普通差额折扣发票特殊冲红-特殊冲红成功，且发票的原发票代码号码会入fp_ydm_yhm表-->插入成功
2020-02-19 17:46:09,119 -/Users/water/gin/git/generator/generator/tool/operateMysqlClass.py[line:70] -WARNING:case_id:24230004&step:10153&&(特殊冲红逻辑校验)同步单行收购通蓝票冲红-蓝票可以正常开具-->插入成功
2020-02-19 17:46:09,121 -/Users/water/gin/git/generator/generator/tool/operateMysqlClass.py[line:70] -WARNING:case_id:24230004&step:10155&&(特殊冲红逻辑校验)同步单行收购通蓝票冲红-2.可以正常冲红且红票的原发票代码号码不会入fp_ydm_yhm表-->插入成功
2020-02-19 17:46:09,124 -/Users/water/gin/git/generator/generator/tool/operateMysqlClass.py[line:70] -WARNING:case_id:24230004&step:10157&&(特殊冲红逻辑校验)同步单行带折扣差额收购通蓝票冲红-1.单行带折扣差额收购通蓝票正常开具-->插入成功
2020-02-19 17:46:09,126 -/Users/water/gin/git/generator/generator/tool/operateMysqlClass.py[line:70] -WARNING:case_id:24230004&step:10159&&(特殊冲红逻辑校验)同步单行带折扣差额收购通蓝票冲红-2.可以正常冲红且红票的原发票代码号码不会入fp_ydm_yhm表-->插入成功
2020-02-19 17:46:09,128 -/Users/water/gin/git/generator/generator/tool/operateMysqlClass.py[line:70] -WARNING:case_id:24230004&step:10161&&(特殊冲红逻辑校验)同步收购发票特殊冲红-收购发票特殊冲红-特殊冲红成功，且发票的原发票代码号码会入fp_ydm_yhm表-->插入成功
2020-02-19 17:46:09,132 -/Users/water/gin/git/generator/generator/tool/operateMysqlClass.py[line:70] -WARNING:case_id:24230004&step:10163&&(特殊冲红逻辑校验)同步特殊冲红后发票作废-特殊冲红后，再作废该发票-特殊冲红后，在fp_ydm_yhm表有信息，该票作废后，再查fp_ydm_yhm表，应无信息-->插入成功
2020-02-19 17:46:09,134 -/Users/water/gin/git/generator/generator/tool/operateMysqlClass.py[line:70] -WARNING:case_id:24230004&step:10165&&(折扣行规则)首行为被折扣行1-第一行FPHXZ=2，第二行FPHXZ=0-->插入成功
2020-02-19 17:46:09,137 -/Users/water/gin/git/generator/generator/tool/operateMysqlClass.py[line:70] -WARNING:case_id:24230004&step:10167&&(折扣行规则)首行为被折扣行2-第一行FPHXZ=2，第二行FPHXZ=1-->插入成功
2020-02-19 17:46:09,140 -/Users/water/gin/git/generator/generator/tool/operateMysqlClass.py[line:70] -WARNING:case_id:24230004&step:10169&&(折扣行规则)首行为被折扣行3-第一行FPHXZ=2，第二行FPHXZ=2-->插入成功
2020-02-19 17:46:09,142 -/Users/water/gin/git/generator/generator/tool/operateMysqlClass.py[line:70] -WARNING:case_id:24230004&step:10171&&(折扣行规则)首行为被折扣行4-第一行FPHXZ=2，第二行FPHXZ=3-->插入成功
2020-02-19 17:46:09,144 -/Users/water/gin/git/generator/generator/tool/operateMysqlClass.py[line:70] -WARNING:case_id:24230004&step:10173&&(折扣行规则)首行为折扣行-第一行FPHXZ=1-->插入成功
2020-02-19 17:46:09,146 -/Users/water/gin/git/generator/generator/tool/operateMysqlClass.py[line:70] -WARNING:case_id:24230004&step:10175&&(折扣行规则)首行为正常行1-第一行FPHXZ=0，第二行FPHXZ=1-->插入成功
2020-02-19 17:46:09,149 -/Users/water/gin/git/generator/generator/tool/operateMysqlClass.py[line:70] -WARNING:case_id:24230004&step:10177&&(折扣行规则)次行为被折扣行1-第一行FPHXZ=0，第二行FPHXZ=2，第三行FPHXZ=0-->插入成功
2020-02-19 17:46:09,151 -/Users/water/gin/git/generator/generator/tool/operateMysqlClass.py[line:70] -WARNING:case_id:24230004&step:10179&&(折扣行规则)次行为被折扣行2-第一行FPHXZ=0，第二行FPHXZ=2，第三行FPHXZ=2-->插入成功
2020-02-19 17:46:09,154 -/Users/water/gin/git/generator/generator/tool/operateMysqlClass.py[line:70] -WARNING:case_id:24230004&step:10181&&(折扣行规则)首行为正常行2-第一行FPHXZ=0，第二行FPHXZ=3-->插入成功
2020-02-19 17:46:09,157 -/Users/water/gin/git/generator/generator/tool/operateMysqlClass.py[line:70] -WARNING:case_id:24230004&step:10183&&(折扣行规则)次行为正常行1-第一行FPHXZ=0，第二行FPHXZ=0，第三行FPHXZ=1-->插入成功
2020-02-19 17:46:09,158 -/Users/water/gin/git/generator/generator/tool/operateMysqlClass.py[line:70] -WARNING:case_id:24230004&step:10185&&(折扣行规则)次行为正常行2-第一行FPHXZ=0，第二行FPHXZ=0，第三行FPHXZ=2-->插入成功
2020-02-19 17:46:09,160 -/Users/water/gin/git/generator/generator/tool/operateMysqlClass.py[line:70] -WARNING:case_id:24230004&step:10187&&(折扣行规则)次行为正常行3-第一行FPHXZ=0，第二行FPHXZ=0，第三行FPHXZ=3-->插入成功
2020-02-19 17:46:09,162 -/Users/water/gin/git/generator/generator/tool/operateMysqlClass.py[line:70] -WARNING:case_id:24230004&step:10189&&(折扣行规则)次行为空-第一行FPHXZ=0，第二行FPHXZ=空，第三行FPHXZ=2-->插入成功
2020-02-19 17:46:09,164 -/Users/water/gin/git/generator/generator/tool/operateMysqlClass.py[line:70] -WARNING:case_id:24230004&step:10191&&(折扣行规则)第三行为正常行1-第一行FPHXZ=0，第二行FPHXZ=0，第三行FPHXZ=0，第四行FPHXZ=1-->插入成功
2020-02-19 17:46:09,168 -/Users/water/gin/git/generator/generator/tool/operateMysqlClass.py[line:70] -WARNING:case_id:24230004&step:10193&&(折扣行规则)第三行为正常行2-第一行FPHXZ=0，第二行FPHXZ=0，第三行FPHXZ=0，第四行FPHXZ=2-->插入成功
2020-02-19 17:46:09,172 -/Users/water/gin/git/generator/generator/tool/operateMysqlClass.py[line:70] -WARNING:case_id:24230004&step:10195&&(折扣行规则)第三行为正常行3-第一行FPHXZ=0，第二行FPHXZ=0，第三行FPHXZ=0，第四行FPHXZ=3-->插入成功
2020-02-19 17:46:09,172 -/Users/water/gin/git/generator/generator/tool/operateMysqlClass.py[line:54] -WARNING:mysql closed!!
