2020-02-19 17:50:02,979 -/Users/water/gin/git/generator/generator/tool/generatorCase.py[line:37] -WARNING:case_generator.ini
2020-02-19 17:50:03,065 -/Users/water/gin/git/generator/generator/tool/operateMysqlClass.py[line:47] -WARNING:connect mysql successful!!
2020-02-19 17:50:03,175 -/Users/water/gin/git/generator/generator/tool/operateMysqlClass.py[line:70] -WARNING:case_id:24230004&step:10001&&蓝票正常全额冲红-开蓝票--->插入成功
2020-02-19 17:50:03,179 -/Users/water/gin/git/generator/generator/tool/operateMysqlClass.py[line:70] -WARNING:case_id:24230004&step:10003&&蓝票正常全额冲红-蓝票冲红--->插入成功
2020-02-19 17:50:03,183 -/Users/water/gin/git/generator/generator/tool/operateMysqlClass.py[line:70] -WARNING:case_id:24230004&step:10005&&蓝票正常部分额度冲红-开蓝票--->插入成功
2020-02-19 17:50:03,185 -/Users/water/gin/git/generator/generator/tool/operateMysqlClass.py[line:70] -WARNING:case_id:24230004&step:10007&&蓝票正常部分额度冲红-蓝票冲红--->插入成功
2020-02-19 17:50:03,188 -/Users/water/gin/git/generator/generator/tool/operateMysqlClass.py[line:70] -WARNING:case_id:24230004&step:10009&&普通蓝票全额冲红差额征税票-差额蓝票--->插入成功
2020-02-19 17:50:03,190 -/Users/water/gin/git/generator/generator/tool/operateMysqlClass.py[line:70] -WARNING:case_id:24230004&step:10011&&普通蓝票全额冲红差额征税票-差额蓝票冲红-F--->插入成功
2020-02-19 17:50:03,193 -/Users/water/gin/git/generator/generator/tool/operateMysqlClass.py[line:70] -WARNING:case_id:24230004&step:10013&&差额征税蓝票全额冲红普通蓝票-开蓝票--->插入成功
2020-02-19 17:50:03,195 -/Users/water/gin/git/generator/generator/tool/operateMysqlClass.py[line:70] -WARNING:case_id:24230004&step:10015&&差额征税蓝票全额冲红普通蓝票-蓝票冲红--->插入成功
2020-02-19 17:50:03,199 -/Users/water/gin/git/generator/generator/tool/operateMysqlClass.py[line:70] -WARNING:case_id:24230004&step:10017&&普通蓝票全额冲红收购票-开蓝票-->插入成功
2020-02-19 17:50:03,201 -/Users/water/gin/git/generator/generator/tool/operateMysqlClass.py[line:70] -WARNING:case_id:24230004&step:10019&&普通蓝票全额冲红收购票-全额冲红-->插入成功
2020-02-19 17:50:03,203 -/Users/water/gin/git/generator/generator/tool/operateMysqlClass.py[line:70] -WARNING:case_id:24230004&step:10021&&收购票全额冲红普通蓝票-开蓝票-->插入成功
2020-02-19 17:50:03,205 -/Users/water/gin/git/generator/generator/tool/operateMysqlClass.py[line:70] -WARNING:case_id:24230004&step:10023&&收购票全额冲红普通蓝票-全额冲红-->插入成功
2020-02-19 17:50:03,207 -/Users/water/gin/git/generator/generator/tool/operateMysqlClass.py[line:70] -WARNING:case_id:24230004&step:10025&&差额征税票全额冲红收购票-开蓝票-->插入成功
2020-02-19 17:50:03,208 -/Users/water/gin/git/generator/generator/tool/operateMysqlClass.py[line:70] -WARNING:case_id:24230004&step:10027&&差额征税票全额冲红收购票-全额冲红-->插入成功
2020-02-19 17:50:03,210 -/Users/water/gin/git/generator/generator/tool/operateMysqlClass.py[line:70] -WARNING:case_id:24230004&step:10029&&收购票全额冲红差额征税票-开蓝票-->插入成功
2020-02-19 17:50:03,213 -/Users/water/gin/git/generator/generator/tool/operateMysqlClass.py[line:70] -WARNING:case_id:24230004&step:10031&&收购票全额冲红差额征税票-全额冲红-->插入成功
2020-02-19 17:50:03,216 -/Users/water/gin/git/generator/generator/tool/operateMysqlClass.py[line:70] -WARNING:case_id:24230004&step:10033&&普通蓝票冲红普通折扣票-开蓝票-->插入成功
2020-02-19 17:50:03,218 -/Users/water/gin/git/generator/generator/tool/operateMysqlClass.py[line:70] -WARNING:case_id:24230004&step:10035&&普通蓝票冲红普通折扣票-全额冲红-->插入成功
2020-02-19 17:50:03,220 -/Users/water/gin/git/generator/generator/tool/operateMysqlClass.py[line:70] -WARNING:case_id:24230004&step:10037&&普通折扣冲红普通蓝票-开蓝票-->插入成功
2020-02-19 17:50:03,222 -/Users/water/gin/git/generator/generator/tool/operateMysqlClass.py[line:70] -WARNING:case_id:24230004&step:10039&&普通折扣冲红普通蓝票-全额冲红-->插入成功
2020-02-19 17:50:03,224 -/Users/water/gin/git/generator/generator/tool/operateMysqlClass.py[line:70] -WARNING:case_id:24230004&step:10041&&开正常蓝票时，报文存在原发票代码，原发票号码，备注时-F--->插入成功
2020-02-19 17:50:03,226 -/Users/water/gin/git/generator/generator/tool/operateMysqlClass.py[line:70] -WARNING:case_id:24230004&step:10043&&差额冲红差额，扣除额不一致-开蓝票-->插入成功
2020-02-19 17:50:03,228 -/Users/water/gin/git/generator/generator/tool/operateMysqlClass.py[line:70] -WARNING:case_id:24230004&step:10045&&差额冲红差额，扣除额不一致-全额冲红-->插入成功
2020-02-19 17:50:03,229 -/Users/water/gin/git/generator/generator/tool/operateMysqlClass.py[line:70] -WARNING:case_id:24230004&step:10047&&差额冲红差额，扣除额一致-开蓝票-->插入成功
2020-02-19 17:50:03,231 -/Users/water/gin/git/generator/generator/tool/operateMysqlClass.py[line:70] -WARNING:case_id:24230004&step:10049&&差额冲红差额，扣除额一致-T-全额冲红-->插入成功
2020-02-19 17:50:03,233 -/Users/water/gin/git/generator/generator/tool/operateMysqlClass.py[line:70] -WARNING:case_id:24230004&step:10051&&收购发票红蓝票都带扣除额-开蓝票-->插入成功
2020-02-19 17:50:03,235 -/Users/water/gin/git/generator/generator/tool/operateMysqlClass.py[line:70] -WARNING:case_id:24230004&step:10053&&收购发票红蓝票都带扣除额-全额冲红-->插入成功
2020-02-19 17:50:03,236 -/Users/water/gin/git/generator/generator/tool/operateMysqlClass.py[line:70] -WARNING:case_id:24230004&step:10055&&同税率同商品编码单行-1.开具单行蓝票-->插入成功
2020-02-19 17:50:03,238 -/Users/water/gin/git/generator/generator/tool/operateMysqlClass.py[line:70] -WARNING:case_id:24230004&step:10057&&同税率同商品编码单行-1.开具单行蓝票-->插入成功
2020-02-19 17:50:03,240 -/Users/water/gin/git/generator/generator/tool/operateMysqlClass.py[line:70] -WARNING:case_id:24230004&step:10059&&同税率同商品编码单行-1.开具单行蓝票-->插入成功
2020-02-19 17:50:03,243 -/Users/water/gin/git/generator/generator/tool/operateMysqlClass.py[line:70] -WARNING:case_id:24230004&step:10061&&同税率同商品编码单行-1.开具单行蓝票-->插入成功
2020-02-19 17:50:03,245 -/Users/water/gin/git/generator/generator/tool/operateMysqlClass.py[line:70] -WARNING:case_id:24230004&step:10063&&同税率同商品编码单行-1.开具单行蓝票-->插入成功
2020-02-19 17:50:03,247 -/Users/water/gin/git/generator/generator/tool/operateMysqlClass.py[line:70] -WARNING:case_id:24230004&step:10065&&同税率同商品编码单行-1.开具单行蓝票-->插入成功
2020-02-19 17:50:03,248 -/Users/water/gin/git/generator/generator/tool/operateMysqlClass.py[line:70] -WARNING:case_id:24230004&step:10067&&同税率同商品编码单行-1.开具单行蓝票-->插入成功
2020-02-19 17:50:03,252 -/Users/water/gin/git/generator/generator/tool/operateMysqlClass.py[line:70] -WARNING:case_id:24230004&step:10069&&同税率同商品编码单行-1.开具单行蓝票-->插入成功
2020-02-19 17:50:03,255 -/Users/water/gin/git/generator/generator/tool/operateMysqlClass.py[line:70] -WARNING:case_id:24230004&step:10071&&不同税率同商品编码单行税额一致-2.对该蓝票冲红，商品名和商品编码与蓝票一致，税率不同，金额税额与蓝票一致-->插入成功
2020-02-19 17:50:03,258 -/Users/water/gin/git/generator/generator/tool/operateMysqlClass.py[line:70] -WARNING:case_id:24230004&step:10073&&不同税率同商品编码单行税额不一致-2.对该蓝票冲红，商品名和商品编码与蓝票一致，税率不同，金额与蓝票一致，税额不一致-->插入成功
2020-02-19 17:50:03,261 -/Users/water/gin/git/generator/generator/tool/operateMysqlClass.py[line:70] -WARNING:case_id:24230004&step:10075&&不同税率同商品编码单行金额不一致-2.对该蓝票冲红，商品名和商品编码与蓝票一致，税率不同，税额与蓝票一致，金额不一致-->插入成功
2020-02-19 17:50:03,263 -/Users/water/gin/git/generator/generator/tool/operateMysqlClass.py[line:70] -WARNING:case_id:24230004&step:10077&&不同税率不同商品编码单行金额税额一致-2.对该蓝票冲红，商品名和商品编码和税率与蓝票都不一致，但金额税额与蓝票一致-->插入成功
2020-02-19 17:50:03,264 -/Users/water/gin/git/generator/generator/tool/operateMysqlClass.py[line:70] -WARNING:case_id:24230004&step:10079&&不同税率不同商品编码单行金额不一致-2.对该蓝票冲红，商品名和商品编码和税率与蓝票都不一致，税额与蓝票一致，但金额不一致-->插入成功
2020-02-19 17:50:03,266 -/Users/water/gin/git/generator/generator/tool/operateMysqlClass.py[line:70] -WARNING:case_id:24230004&step:10081&&不同税率不同商品编码单行税额不一致-2.对该蓝票冲红，商品名和商品编码和税率与蓝票都不一致，金额与蓝票一致，但税额不一致-->插入成功
2020-02-19 17:50:03,268 -/Users/water/gin/git/generator/generator/tool/operateMysqlClass.py[line:70] -WARNING:case_id:24230004&step:10083&&同税率同商品编码同顺序3行金额税额一致-1.开具3行蓝票-->插入成功
2020-02-19 17:50:03,270 -/Users/water/gin/git/generator/generator/tool/operateMysqlClass.py[line:70] -WARNING:case_id:24230004&step:10085&&同税率同商品编码同顺序3行金额税额一致-1.开具3行蓝票-->插入成功
2020-02-19 17:50:03,272 -/Users/water/gin/git/generator/generator/tool/operateMysqlClass.py[line:70] -WARNING:case_id:24230004&step:10087&&同税率同商品编码同顺序3行金额税额一致-1.开具3行蓝票-->插入成功
2020-02-19 17:50:03,275 -/Users/water/gin/git/generator/generator/tool/operateMysqlClass.py[line:70] -WARNING:case_id:24230004&step:10089&&同税率同商品编码同顺序3行金额税额一致-1.开具3行蓝票-->插入成功
2020-02-19 17:50:03,278 -/Users/water/gin/git/generator/generator/tool/operateMysqlClass.py[line:70] -WARNING:case_id:24230004&step:10091&&同税率同商品编码同顺序3行金额税额一致-1.开具3行蓝票-->插入成功
2020-02-19 17:50:03,283 -/Users/water/gin/git/generator/generator/tool/operateMysqlClass.py[line:70] -WARNING:case_id:24230004&step:10093&&同税率同商品编码同顺序3行金额税额一致-1.开具3行蓝票-->插入成功
2020-02-19 17:50:03,286 -/Users/water/gin/git/generator/generator/tool/operateMysqlClass.py[line:70] -WARNING:case_id:24230004&step:10095&&同税率同商品编码同顺序3行金额税额一致-1.开具3行蓝票-->插入成功
2020-02-19 17:50:03,290 -/Users/water/gin/git/generator/generator/tool/operateMysqlClass.py[line:70] -WARNING:case_id:24230004&step:10097&&同税率同商品编码同顺序3行金额税额一致-2.对该蓝票冲红，商品名和商品编码和税率值与顺序都与蓝票一致，金额税额与蓝票一致-->插入成功
2020-02-19 17:50:03,293 -/Users/water/gin/git/generator/generator/tool/operateMysqlClass.py[line:70] -WARNING:case_id:24230004&step:10099&&同税率同商品编码不同顺序3行金额税额一致-2.对该蓝票冲红，商品名和商品编码和税率值与蓝票一致但顺序与蓝票不一致，金额税额与蓝票一致-->插入成功
2020-02-19 17:50:03,296 -/Users/water/gin/git/generator/generator/tool/operateMysqlClass.py[line:70] -WARNING:case_id:24230004&step:10101&&不同税率不同商品编码3行金额税额一致-2.对该蓝票冲红，商品行数为4行，商品编码和税率值与蓝票均不一致，金额税额与蓝票一致-->插入成功
2020-02-19 17:50:03,298 -/Users/water/gin/git/generator/generator/tool/operateMysqlClass.py[line:70] -WARNING:case_id:24230004&step:10103&&同税率同商品编码同顺序3行金额不一致-
2.对该蓝票冲红，商品名和商品编码和税率值与顺序都与蓝票一致，税额与蓝票一致，但金额不一致-->插入成功
2020-02-19 17:50:03,301 -/Users/water/gin/git/generator/generator/tool/operateMysqlClass.py[line:70] -WARNING:case_id:24230004&step:10105&&同税率同商品编码同顺序3行税额不一致-2.对该蓝票冲红，商品名和商品编码和税率值与顺序都与蓝票一致，金额与蓝票一致，但税额不一致-->插入成功
2020-02-19 17:50:03,303 -/Users/water/gin/git/generator/generator/tool/operateMysqlClass.py[line:70] -WARNING:case_id:24230004&step:10107&&不同税率不同商品编码3行金额不一致-2.对该蓝票冲红，商品行数为4行，商品编码和税率值与蓝票均不一致，税额与蓝票一致，但金额不一致-->插入成功
2020-02-19 17:50:03,306 -/Users/water/gin/git/generator/generator/tool/operateMysqlClass.py[line:70] -WARNING:case_id:24230004&step:10109&&不同税率不同商品编码3行税额不一致-2.对该蓝票冲红，商品行数为4行，商品编码和税率值与蓝票均不一致，金额与蓝票一致，但税额不一致-->插入成功
2020-02-19 17:50:03,309 -/Users/water/gin/git/generator/generator/tool/operateMysqlClass.py[line:70] -WARNING:case_id:24230004&step:10111&&同税率同商品编码9行同顺序金额税额一致-1.开具9行蓝票-->插入成功
2020-02-19 17:50:03,312 -/Users/water/gin/git/generator/generator/tool/operateMysqlClass.py[line:70] -WARNING:case_id:24230004&step:10113&&同税率同商品编码9行同顺序金额税额一致-1.开具9行蓝票-->插入成功
2020-02-19 17:50:03,315 -/Users/water/gin/git/generator/generator/tool/operateMysqlClass.py[line:70] -WARNING:case_id:24230004&step:10115&&同税率同商品编码9行同顺序金额税额一致-1.开具9行蓝票-->插入成功
2020-02-19 17:50:03,318 -/Users/water/gin/git/generator/generator/tool/operateMysqlClass.py[line:70] -WARNING:case_id:24230004&step:10117&&同税率同商品编码9行同顺序金额税额一致-1.开具9行蓝票-->插入成功
2020-02-19 17:50:03,324 -/Users/water/gin/git/generator/generator/tool/operateMysqlClass.py[line:70] -WARNING:case_id:24230004&step:10119&&同税率同商品编码9行同顺序金额税额一致-1.开具9行蓝票-->插入成功
2020-02-19 17:50:03,327 -/Users/water/gin/git/generator/generator/tool/operateMysqlClass.py[line:70] -WARNING:case_id:24230004&step:10121&&同税率同商品编码9行同顺序金额税额一致-1.开具9行蓝票-->插入成功
2020-02-19 17:50:03,330 -/Users/water/gin/git/generator/generator/tool/operateMysqlClass.py[line:70] -WARNING:case_id:24230004&step:10123&&同税率同商品编码9行同顺序金额税额一致-1.开具9行蓝票-->插入成功
2020-02-19 17:50:03,333 -/Users/water/gin/git/generator/generator/tool/operateMysqlClass.py[line:70] -WARNING:case_id:24230004&step:10125&&同税率同商品编码9行同顺序金额税额一致-2.对该蓝票冲红，商品名和商品编码和税率值与顺序都与蓝票一致，金额税额与蓝票一致-->插入成功
2020-02-19 17:50:03,338 -/Users/water/gin/git/generator/generator/tool/operateMysqlClass.py[line:70] -WARNING:case_id:24230004&step:10127&&同税率同商品编码9行同顺序金额不一致-2.对该蓝票冲红，商品名和商品编码和税率值与顺序都与蓝票一致，税额与蓝票一致，但金额不一致-->插入成功
2020-02-19 17:50:03,342 -/Users/water/gin/git/generator/generator/tool/operateMysqlClass.py[line:70] -WARNING:case_id:24230004&step:10129&&同税率同商品编码9行同顺序税额不一致-2.对该蓝票冲红，商品名和商品编码和税率值与顺序都与蓝票一致，金额与蓝票一致，但税额不一致-->插入成功
2020-02-19 17:50:03,346 -/Users/water/gin/git/generator/generator/tool/operateMysqlClass.py[line:70] -WARNING:case_id:24230004&step:10131&&同税率同商品编码9行不同顺序金额税额一致-2.对该蓝票冲红，商品名和商品编码和税率值与蓝票一致，但顺序与蓝票不一致，金额税额与蓝票一致-->插入成功
2020-02-19 17:50:03,350 -/Users/water/gin/git/generator/generator/tool/operateMysqlClass.py[line:70] -WARNING:case_id:24230004&step:10133&&不同税率不同商品编码9行金额税额一致-2.对该蓝票冲红，商品行数为10行，商品编码和税率值与蓝票均不一致，金额税额与蓝票一致-->插入成功
2020-02-19 17:50:03,353 -/Users/water/gin/git/generator/generator/tool/operateMysqlClass.py[line:70] -WARNING:case_id:24230004&step:10135&&不同税率不同商品编码9行金额不一致-2.对该蓝票冲红，商品行数为10行，商品编码和税率值与蓝票均不一致，税额与蓝票一致，但金额不一致-->插入成功
2020-02-19 17:50:03,357 -/Users/water/gin/git/generator/generator/tool/operateMysqlClass.py[line:70] -WARNING:case_id:24230004&step:10137&&不同税率不同商品编码9行税额不一致-2.对该蓝票冲红，商品行数为10行，商品编码和税率值与蓝票均不一致，金额与蓝票一致，但税额不一致-->插入成功
2020-02-19 17:50:03,360 -/Users/water/gin/git/generator/generator/tool/operateMysqlClass.py[line:70] -WARNING:case_id:24230004&step:10139&&(特殊冲红逻辑校验)同步单行普通蓝票冲红-1.开具单行普通蓝票-->插入成功
2020-02-19 17:50:03,363 -/Users/water/gin/git/generator/generator/tool/operateMysqlClass.py[line:70] -WARNING:case_id:24230004&step:10141&&(特殊冲红逻辑校验)同步单行普通蓝票冲红-2.对其冲红-2.可以正常冲红且红票的原发票代码号码不会入fp_ydm_yhm表-->插入成功
2020-02-19 17:50:03,365 -/Users/water/gin/git/generator/generator/tool/operateMysqlClass.py[line:70] -WARNING:case_id:24230004&step:10143&&(特殊冲红逻辑校验)同步单行带折扣差额普通蓝票冲红-1.单行带折扣差额普通蓝票-->插入成功
2020-02-19 17:50:03,368 -/Users/water/gin/git/generator/generator/tool/operateMysqlClass.py[line:70] -WARNING:case_id:24230004&step:10145&&(特殊冲红逻辑校验)同步单行带折扣差额普通蓝票冲红-2.可以正常冲红且红票的原发票代码号码不会入fp_ydm_yhm表-->插入成功
2020-02-19 17:50:03,370 -/Users/water/gin/git/generator/generator/tool/operateMysqlClass.py[line:70] -WARNING:case_id:24230004&step:10147&&(特殊冲红逻辑校验)同步普通发票特殊冲红-普通发票特殊冲红（原发票代码为不存在的票）-特殊冲红成功，且发票的原发票代码号码会入fp_ydm_yhm表-->插入成功
2020-02-19 17:50:03,372 -/Users/water/gin/git/generator/generator/tool/operateMysqlClass.py[line:70] -WARNING:case_id:24230004&step:10149&&(特殊冲红逻辑校验)同步普通差额发票特殊冲红-普通差额发票特殊冲红-特殊冲红成功，且发票的原发票代码号码会入fp_ydm_yhm表-->插入成功
2020-02-19 17:50:03,374 -/Users/water/gin/git/generator/generator/tool/operateMysqlClass.py[line:70] -WARNING:case_id:24230004&step:10151&&(特殊冲红逻辑校验)同步普通差额折扣发票特殊冲红-普通差额折扣发票特殊冲红-特殊冲红成功，且发票的原发票代码号码会入fp_ydm_yhm表-->插入成功
2020-02-19 17:50:03,376 -/Users/water/gin/git/generator/generator/tool/operateMysqlClass.py[line:70] -WARNING:case_id:24230004&step:10153&&(特殊冲红逻辑校验)同步单行收购通蓝票冲红-蓝票可以正常开具-->插入成功
2020-02-19 17:50:03,378 -/Users/water/gin/git/generator/generator/tool/operateMysqlClass.py[line:70] -WARNING:case_id:24230004&step:10155&&(特殊冲红逻辑校验)同步单行收购通蓝票冲红-2.可以正常冲红且红票的原发票代码号码不会入fp_ydm_yhm表-->插入成功
2020-02-19 17:50:03,380 -/Users/water/gin/git/generator/generator/tool/operateMysqlClass.py[line:70] -WARNING:case_id:24230004&step:10157&&(特殊冲红逻辑校验)同步单行带折扣差额收购通蓝票冲红-1.单行带折扣差额收购通蓝票正常开具-->插入成功
2020-02-19 17:50:03,382 -/Users/water/gin/git/generator/generator/tool/operateMysqlClass.py[line:70] -WARNING:case_id:24230004&step:10159&&(特殊冲红逻辑校验)同步单行带折扣差额收购通蓝票冲红-2.可以正常冲红且红票的原发票代码号码不会入fp_ydm_yhm表-->插入成功
2020-02-19 17:50:03,384 -/Users/water/gin/git/generator/generator/tool/operateMysqlClass.py[line:70] -WARNING:case_id:24230004&step:10161&&(特殊冲红逻辑校验)同步收购发票特殊冲红-收购发票特殊冲红-特殊冲红成功，且发票的原发票代码号码会入fp_ydm_yhm表-->插入成功
2020-02-19 17:50:03,385 -/Users/water/gin/git/generator/generator/tool/operateMysqlClass.py[line:70] -WARNING:case_id:24230004&step:10163&&(特殊冲红逻辑校验)同步特殊冲红后发票作废-特殊冲红后，再作废该发票-特殊冲红后，在fp_ydm_yhm表有信息，该票作废后，再查fp_ydm_yhm表，应无信息-->插入成功
2020-02-19 17:50:03,387 -/Users/water/gin/git/generator/generator/tool/operateMysqlClass.py[line:70] -WARNING:case_id:24230004&step:10165&&(折扣行规则)首行为被折扣行1-第一行FPHXZ=2，第二行FPHXZ=0-->插入成功
2020-02-19 17:50:03,389 -/Users/water/gin/git/generator/generator/tool/operateMysqlClass.py[line:70] -WARNING:case_id:24230004&step:10167&&(折扣行规则)首行为被折扣行2-第一行FPHXZ=2，第二行FPHXZ=1-->插入成功
2020-02-19 17:50:03,391 -/Users/water/gin/git/generator/generator/tool/operateMysqlClass.py[line:70] -WARNING:case_id:24230004&step:10169&&(折扣行规则)首行为被折扣行3-第一行FPHXZ=2，第二行FPHXZ=2-->插入成功
2020-02-19 17:50:03,394 -/Users/water/gin/git/generator/generator/tool/operateMysqlClass.py[line:70] -WARNING:case_id:24230004&step:10171&&(折扣行规则)首行为被折扣行4-第一行FPHXZ=2，第二行FPHXZ=3-->插入成功
2020-02-19 17:50:03,397 -/Users/water/gin/git/generator/generator/tool/operateMysqlClass.py[line:70] -WARNING:case_id:24230004&step:10173&&(折扣行规则)首行为折扣行-第一行FPHXZ=1-->插入成功
2020-02-19 17:50:03,399 -/Users/water/gin/git/generator/generator/tool/operateMysqlClass.py[line:70] -WARNING:case_id:24230004&step:10175&&(折扣行规则)首行为正常行1-第一行FPHXZ=0，第二行FPHXZ=1-->插入成功
2020-02-19 17:50:03,400 -/Users/water/gin/git/generator/generator/tool/operateMysqlClass.py[line:70] -WARNING:case_id:24230004&step:10177&&(折扣行规则)次行为被折扣行1-第一行FPHXZ=0，第二行FPHXZ=2，第三行FPHXZ=0-->插入成功
2020-02-19 17:50:03,402 -/Users/water/gin/git/generator/generator/tool/operateMysqlClass.py[line:70] -WARNING:case_id:24230004&step:10179&&(折扣行规则)次行为被折扣行2-第一行FPHXZ=0，第二行FPHXZ=2，第三行FPHXZ=2-->插入成功
2020-02-19 17:50:03,404 -/Users/water/gin/git/generator/generator/tool/operateMysqlClass.py[line:70] -WARNING:case_id:24230004&step:10181&&(折扣行规则)首行为正常行2-第一行FPHXZ=0，第二行FPHXZ=3-->插入成功
2020-02-19 17:50:03,406 -/Users/water/gin/git/generator/generator/tool/operateMysqlClass.py[line:70] -WARNING:case_id:24230004&step:10183&&(折扣行规则)次行为正常行1-第一行FPHXZ=0，第二行FPHXZ=0，第三行FPHXZ=1-->插入成功
2020-02-19 17:50:03,408 -/Users/water/gin/git/generator/generator/tool/operateMysqlClass.py[line:70] -WARNING:case_id:24230004&step:10185&&(折扣行规则)次行为正常行2-第一行FPHXZ=0，第二行FPHXZ=0，第三行FPHXZ=2-->插入成功
2020-02-19 17:50:03,410 -/Users/water/gin/git/generator/generator/tool/operateMysqlClass.py[line:70] -WARNING:case_id:24230004&step:10187&&(折扣行规则)次行为正常行3-第一行FPHXZ=0，第二行FPHXZ=0，第三行FPHXZ=3-->插入成功
2020-02-19 17:50:03,411 -/Users/water/gin/git/generator/generator/tool/operateMysqlClass.py[line:70] -WARNING:case_id:24230004&step:10189&&(折扣行规则)次行为空-第一行FPHXZ=0，第二行FPHXZ=空，第三行FPHXZ=2-->插入成功
2020-02-19 17:50:03,413 -/Users/water/gin/git/generator/generator/tool/operateMysqlClass.py[line:70] -WARNING:case_id:24230004&step:10191&&(折扣行规则)第三行为正常行1-第一行FPHXZ=0，第二行FPHXZ=0，第三行FPHXZ=0，第四行FPHXZ=1-->插入成功
2020-02-19 17:50:03,415 -/Users/water/gin/git/generator/generator/tool/operateMysqlClass.py[line:70] -WARNING:case_id:24230004&step:10193&&(折扣行规则)第三行为正常行2-第一行FPHXZ=0，第二行FPHXZ=0，第三行FPHXZ=0，第四行FPHXZ=2-->插入成功
2020-02-19 17:50:03,419 -/Users/water/gin/git/generator/generator/tool/operateMysqlClass.py[line:70] -WARNING:case_id:24230004&step:10195&&(折扣行规则)第三行为正常行3-第一行FPHXZ=0，第二行FPHXZ=0，第三行FPHXZ=0，第四行FPHXZ=3-->插入成功
2020-02-19 17:50:03,420 -/Users/water/gin/git/generator/generator/tool/operateMysqlClass.py[line:54] -WARNING:mysql closed!!
