2019-12-06 14:56:44,692 -E:\gin\Git\generator\generator\tool\generatorCase.py[line:33] -WARNING:generator.ini
2019-12-06 14:56:44,712 -E:\gin\Git\generator\generator\tool\operateMysqlClass.py[line:51] -WARNING:connect mysql successful!!
2019-12-06 14:58:08,838 -E:\gin\Git\generator\generator\tool\generatorCase.py[line:33] -WARNING:generator.ini
2019-12-06 14:58:08,858 -E:\gin\Git\generator\generator\tool\operateMysqlClass.py[line:51] -WARNING:connect mysql successful!!
2019-12-06 14:58:08,938 -E:\gin\Git\generator\generator\tool\operateMysqlClass.py[line:69] -WARNING:case_id:24000004&step:1001&&requestDate-2019年正确日期T插入成功
2019-12-06 14:58:08,944 -E:\gin\Git\generator\generator\tool\operateMysqlClass.py[line:69] -WARNING:case_id:24000004&step:1002&&requestDate-错误月13月F插入成功
2019-12-06 14:58:08,965 -E:\gin\Git\generator\generator\tool\operateMysqlClass.py[line:69] -WARNING:case_id:24000004&step:1003&&requestDate-错误日12月32日F插入成功
2019-12-06 14:58:08,971 -E:\gin\Git\generator\generator\tool\operateMysqlClass.py[line:69] -WARNING:case_id:24000004&step:1004&&requestDate-错误时25时F插入成功
2019-12-06 14:58:08,976 -E:\gin\Git\generator\generator\tool\operateMysqlClass.py[line:69] -WARNING:case_id:24000004&step:1005&&requestDate-错误分60分F插入成功
2019-12-06 14:58:08,981 -E:\gin\Git\generator\generator\tool\operateMysqlClass.py[line:69] -WARNING:case_id:24000004&step:1006&&requestDate-错误秒60秒F插入成功
2019-12-06 14:58:08,988 -E:\gin\Git\generator\generator\tool\operateMysqlClass.py[line:69] -WARNING:case_id:24000004&step:1007&&requestDate-不存在的2月29日F插入成功
2019-12-06 14:58:08,991 -E:\gin\Git\generator\generator\tool\operateMysqlClass.py[line:69] -WARNING:case_id:24000004&step:1008&&requestDate-正确日期时间前后有空格F插入成功
2019-12-06 14:58:08,994 -E:\gin\Git\generator\generator\tool\operateMysqlClass.py[line:69] -WARNING:case_id:24000004&step:1009&&requestDate-正确日期与时间之间多个空格F插入成功
2019-12-06 14:58:09,018 -E:\gin\Git\generator\generator\tool\operateMysqlClass.py[line:69] -WARNING:case_id:24000004&step:1010&&requestDate-年份前多一个0F插入成功
2019-12-06 14:58:09,022 -E:\gin\Git\generator\generator\tool\operateMysqlClass.py[line:69] -WARNING:case_id:24000004&step:1011&&requestDate-日期为10位的小写字母F插入成功
2019-12-06 14:58:09,034 -E:\gin\Git\generator\generator\tool\operateMysqlClass.py[line:69] -WARNING:case_id:24000004&step:1012&&requestDate-日期为10位的大写字母F插入成功
2019-12-06 14:58:09,042 -E:\gin\Git\generator\generator\tool\operateMysqlClass.py[line:69] -WARNING:case_id:24000004&step:1013&&requestDate-日期为10位的小写字母、数字F插入成功
2019-12-06 14:58:09,051 -E:\gin\Git\generator\generator\tool\operateMysqlClass.py[line:69] -WARNING:case_id:24000004&step:1014&&requestDate-日期为10位大写字母、数字F插入成功
2019-12-06 14:58:09,055 -E:\gin\Git\generator\generator\tool\operateMysqlClass.py[line:69] -WARNING:case_id:24000004&step:1015&&requestDate-日期为10位全角数字F插入成功
2019-12-06 14:58:09,059 -E:\gin\Git\generator\generator\tool\operateMysqlClass.py[line:69] -WARNING:case_id:24000004&step:1016&&requestDate-日期为5位的汉字F插入成功
2019-12-06 14:58:09,064 -E:\gin\Git\generator\generator\tool\operateMysqlClass.py[line:69] -WARNING:case_id:24000004&step:1017&&requestDate-日期为10位的特殊符号F插入成功
2019-12-06 14:58:09,069 -E:\gin\Git\generator\generator\tool\operateMysqlClass.py[line:69] -WARNING:case_id:24000004&step:1018&&requestDate-日期为空值F插入成功
2019-12-06 14:58:09,071 -E:\gin\Git\generator\generator\tool\operateMysqlClass.py[line:69] -WARNING:case_id:24000004&step:1019&&requestDate-日期为null值F插入成功
2019-12-06 14:58:09,113 -E:\gin\Git\generator\generator\tool\operateMysqlClass.py[line:69] -WARNING:case_id:24000004&step:1030&&fjh-生成1位的数字T插入成功
2019-12-06 14:58:09,116 -E:\gin\Git\generator\generator\tool\operateMysqlClass.py[line:69] -WARNING:case_id:24000004&step:1031&&fjh-生成2位的数字F插入成功
2019-12-06 14:58:09,121 -E:\gin\Git\generator\generator\tool\operateMysqlClass.py[line:69] -WARNING:case_id:24000004&step:1032&&fjh-生成1位的数字（两边有空格）F插入成功
2019-12-06 14:58:09,124 -E:\gin\Git\generator\generator\tool\operateMysqlClass.py[line:69] -WARNING:case_id:24000004&step:1033&&fjh-生成1位的大写字母T插入成功
2019-12-06 14:58:09,127 -E:\gin\Git\generator\generator\tool\operateMysqlClass.py[line:69] -WARNING:case_id:24000004&step:1034&&fjh-生成2位的大写字母F插入成功
2019-12-06 14:58:09,130 -E:\gin\Git\generator\generator\tool\operateMysqlClass.py[line:69] -WARNING:case_id:24000004&step:1035&&fjh-生成1位的小写字母F插入成功
2019-12-06 14:58:09,134 -E:\gin\Git\generator\generator\tool\operateMysqlClass.py[line:69] -WARNING:case_id:24000004&step:1036&&fjh-生成2位的小写字母F插入成功
2019-12-06 14:58:09,137 -E:\gin\Git\generator\generator\tool\operateMysqlClass.py[line:69] -WARNING:case_id:24000004&step:1037&&fjh-生成2位的小写字母、数字F插入成功
2019-12-06 14:58:09,143 -E:\gin\Git\generator\generator\tool\operateMysqlClass.py[line:69] -WARNING:case_id:24000004&step:1038&&fjh-生成2位大写字母、数字F插入成功
2019-12-06 14:58:09,149 -E:\gin\Git\generator\generator\tool\operateMysqlClass.py[line:69] -WARNING:case_id:24000004&step:1039&&fjh-生成1位的汉字F插入成功
2019-12-06 14:58:09,152 -E:\gin\Git\generator\generator\tool\operateMysqlClass.py[line:69] -WARNING:case_id:24000004&step:1040&&fjh-生成2位的汉字F插入成功
2019-12-06 14:58:09,155 -E:\gin\Git\generator\generator\tool\operateMysqlClass.py[line:69] -WARNING:case_id:24000004&step:1041&&fjh-生成1位的特殊符号F插入成功
2019-12-06 14:58:09,159 -E:\gin\Git\generator\generator\tool\operateMysqlClass.py[line:69] -WARNING:case_id:24000004&step:1042&&fjh-生成空值F插入成功
2019-12-06 14:58:09,165 -E:\gin\Git\generator\generator\tool\operateMysqlClass.py[line:69] -WARNING:case_id:24000004&step:1043&&fjh-生成null值F插入成功
2019-12-06 14:58:09,194 -E:\gin\Git\generator\generator\tool\operateMysqlClass.py[line:69] -WARNING:case_id:24000004&step:1044&&fjh-生成超长位数数字T插入成功
2019-12-06 14:58:09,201 -E:\gin\Git\generator\generator\tool\operateMysqlClass.py[line:69] -WARNING:case_id:24000004&step:1045&&fjh-值为0T插入成功
2019-12-06 14:58:09,204 -E:\gin\Git\generator\generator\tool\operateMysqlClass.py[line:69] -WARNING:case_id:24000004&step:1046&&fjh-值为1T插入成功
2019-12-06 14:58:09,214 -E:\gin\Git\generator\generator\tool\operateMysqlClass.py[line:69] -WARNING:case_id:24000004&step:1047&&fjh-值为2T插入成功
2019-12-06 14:58:09,220 -E:\gin\Git\generator\generator\tool\operateMysqlClass.py[line:69] -WARNING:case_id:24000004&step:1058&&cxys-生成3位的正数T插入成功
2019-12-06 14:58:09,225 -E:\gin\Git\generator\generator\tool\operateMysqlClass.py[line:69] -WARNING:case_id:24000004&step:1059&&cxys-生成4位的正数F插入成功
2019-12-06 14:58:09,233 -E:\gin\Git\generator\generator\tool\operateMysqlClass.py[line:69] -WARNING:case_id:24000004&step:1060&&cxys-生成3位的正数（两边有空格）F插入成功
2019-12-06 14:58:09,236 -E:\gin\Git\generator\generator\tool\operateMysqlClass.py[line:69] -WARNING:case_id:24000004&step:1061&&cxys-生成3位的负数F插入成功
2019-12-06 14:58:09,239 -E:\gin\Git\generator\generator\tool\operateMysqlClass.py[line:69] -WARNING:case_id:24000004&step:1062&&cxys-生成4位的负数F插入成功
2019-12-06 14:58:09,264 -E:\gin\Git\generator\generator\tool\operateMysqlClass.py[line:69] -WARNING:case_id:24000004&step:1063&&cxys-生成3位的小写字母F插入成功
2019-12-06 14:58:09,268 -E:\gin\Git\generator\generator\tool\operateMysqlClass.py[line:69] -WARNING:case_id:24000004&step:1064&&cxys-生成3位的大写字母F插入成功
2019-12-06 14:58:09,274 -E:\gin\Git\generator\generator\tool\operateMysqlClass.py[line:69] -WARNING:case_id:24000004&step:1065&&cxys-生成3位的小写字母、数字F插入成功
2019-12-06 14:58:09,321 -E:\gin\Git\generator\generator\tool\operateMysqlClass.py[line:69] -WARNING:case_id:24000004&step:1066&&cxys-生成3位大写字母、数字F插入成功
2019-12-06 14:58:09,334 -E:\gin\Git\generator\generator\tool\operateMysqlClass.py[line:69] -WARNING:case_id:24000004&step:1067&&cxys-生成1位的汉字F插入成功
2019-12-06 14:58:09,338 -E:\gin\Git\generator\generator\tool\operateMysqlClass.py[line:69] -WARNING:case_id:24000004&step:1068&&cxys-生成3位的特殊符号F插入成功
2019-12-06 14:58:09,342 -E:\gin\Git\generator\generator\tool\operateMysqlClass.py[line:69] -WARNING:case_id:24000004&step:1069&&cxys-生成空值F插入成功
2019-12-06 14:58:09,345 -E:\gin\Git\generator\generator\tool\operateMysqlClass.py[line:69] -WARNING:case_id:24000004&step:1070&&cxys-生成null值F插入成功
2019-12-06 14:58:09,349 -E:\gin\Git\generator\generator\tool\operateMysqlClass.py[line:69] -WARNING:case_id:24000004&step:1081&&ts-生成4,2位的正小数T插入成功
2019-12-06 14:58:09,355 -E:\gin\Git\generator\generator\tool\operateMysqlClass.py[line:69] -WARNING:case_id:24000004&step:1082&&ts-生成4,2位的正小数（两边有空格）F插入成功
2019-12-06 14:58:09,365 -E:\gin\Git\generator\generator\tool\operateMysqlClass.py[line:69] -WARNING:case_id:24000004&step:1083&&ts-生成4,2位的负小数F插入成功
2019-12-06 14:58:09,370 -E:\gin\Git\generator\generator\tool\operateMysqlClass.py[line:69] -WARNING:case_id:24000004&step:1084&&ts-生成5位的负数F插入成功
2019-12-06 14:58:09,375 -E:\gin\Git\generator\generator\tool\operateMysqlClass.py[line:69] -WARNING:case_id:24000004&step:1085&&ts-生成4位的小写字母F插入成功
2019-12-06 14:58:09,380 -E:\gin\Git\generator\generator\tool\operateMysqlClass.py[line:69] -WARNING:case_id:24000004&step:1086&&ts-生成4位的大写字母F插入成功
2019-12-06 14:58:09,388 -E:\gin\Git\generator\generator\tool\operateMysqlClass.py[line:69] -WARNING:case_id:24000004&step:1087&&ts-生成4位的小写字母、数字F插入成功
2019-12-06 14:58:09,417 -E:\gin\Git\generator\generator\tool\operateMysqlClass.py[line:69] -WARNING:case_id:24000004&step:1088&&ts-生成4位大写字母、数字F插入成功
2019-12-06 14:58:09,421 -E:\gin\Git\generator\generator\tool\operateMysqlClass.py[line:69] -WARNING:case_id:24000004&step:1089&&ts-生成2位的汉字F插入成功
2019-12-06 14:58:09,424 -E:\gin\Git\generator\generator\tool\operateMysqlClass.py[line:69] -WARNING:case_id:24000004&step:1090&&ts-生成4位的特殊符号F插入成功
2019-12-06 14:58:09,428 -E:\gin\Git\generator\generator\tool\operateMysqlClass.py[line:69] -WARNING:case_id:24000004&step:1091&&ts-生成空值F插入成功
2019-12-06 14:58:09,454 -E:\gin\Git\generator\generator\tool\operateMysqlClass.py[line:69] -WARNING:case_id:24000004&step:1092&&ts-生成null值F插入成功
2019-12-06 14:58:09,459 -E:\gin\Git\generator\generator\tool\operateMysqlClass.py[line:69] -WARNING:case_id:24000004&step:1103&&certpwd-生成12位的数字T插入成功
2019-12-06 14:58:09,462 -E:\gin\Git\generator\generator\tool\operateMysqlClass.py[line:69] -WARNING:case_id:24000004&step:1104&&certpwd-生成13位的数字F插入成功
2019-12-06 14:58:09,465 -E:\gin\Git\generator\generator\tool\operateMysqlClass.py[line:69] -WARNING:case_id:24000004&step:1105&&certpwd-生成12位的数字（两边有空格）T插入成功
2019-12-06 14:58:09,468 -E:\gin\Git\generator\generator\tool\operateMysqlClass.py[line:69] -WARNING:case_id:24000004&step:1106&&certpwd-生成12位的大写字母T插入成功
2019-12-06 14:58:09,472 -E:\gin\Git\generator\generator\tool\operateMysqlClass.py[line:69] -WARNING:case_id:24000004&step:1107&&certpwd-生成13位的大写字母F插入成功
2019-12-06 14:58:09,475 -E:\gin\Git\generator\generator\tool\operateMysqlClass.py[line:69] -WARNING:case_id:24000004&step:1108&&certpwd-生成12位的小写字母T插入成功
2019-12-06 14:58:09,478 -E:\gin\Git\generator\generator\tool\operateMysqlClass.py[line:69] -WARNING:case_id:24000004&step:1109&&certpwd-生成13位的小写字母F插入成功
2019-12-06 14:58:09,486 -E:\gin\Git\generator\generator\tool\operateMysqlClass.py[line:69] -WARNING:case_id:24000004&step:1110&&certpwd-生成12位的小写字母、数字T插入成功
2019-12-06 14:58:09,490 -E:\gin\Git\generator\generator\tool\operateMysqlClass.py[line:69] -WARNING:case_id:24000004&step:1111&&certpwd-生成13位的小写字母、数字F插入成功
2019-12-06 14:58:09,493 -E:\gin\Git\generator\generator\tool\operateMysqlClass.py[line:69] -WARNING:case_id:24000004&step:1112&&certpwd-生成12位大写字母、数字T插入成功
2019-12-06 14:58:09,496 -E:\gin\Git\generator\generator\tool\operateMysqlClass.py[line:69] -WARNING:case_id:24000004&step:1113&&certpwd-生成13位大写字母、数字F插入成功
2019-12-06 14:58:09,500 -E:\gin\Git\generator\generator\tool\operateMysqlClass.py[line:69] -WARNING:case_id:24000004&step:1114&&certpwd-生成12位大小写字母、数字T插入成功
2019-12-06 14:58:09,513 -E:\gin\Git\generator\generator\tool\operateMysqlClass.py[line:69] -WARNING:case_id:24000004&step:1115&&certpwd-生成12位大小写字母T插入成功
2019-12-06 14:58:09,554 -E:\gin\Git\generator\generator\tool\operateMysqlClass.py[line:69] -WARNING:case_id:24000004&step:1116&&certpwd-生成6位的汉字T插入成功
2019-12-06 14:58:09,558 -E:\gin\Git\generator\generator\tool\operateMysqlClass.py[line:69] -WARNING:case_id:24000004&step:1117&&certpwd-生成7位的汉字F插入成功
2019-12-06 14:58:09,561 -E:\gin\Git\generator\generator\tool\operateMysqlClass.py[line:69] -WARNING:case_id:24000004&step:1118&&certpwd-生成12位的特殊符号T插入成功
2019-12-06 14:58:09,565 -E:\gin\Git\generator\generator\tool\operateMysqlClass.py[line:69] -WARNING:case_id:24000004&step:1119&&certpwd-生成空值F插入成功
2019-12-06 14:58:09,568 -E:\gin\Git\generator\generator\tool\operateMysqlClass.py[line:69] -WARNING:case_id:24000004&step:1120&&certpwd-生成null值F插入成功
2019-12-06 14:58:09,571 -E:\gin\Git\generator\generator\tool\operateMysqlClass.py[line:69] -WARNING:case_id:24000004&step:1121&&certpwd-生成11位的数字T插入成功
2019-12-06 14:58:09,575 -E:\gin\Git\generator\generator\tool\operateMysqlClass.py[line:69] -WARNING:case_id:24000004&step:1122&&certpwd-生成11位的大写字母F插入成功
2019-12-06 14:58:09,601 -E:\gin\Git\generator\generator\tool\operateMysqlClass.py[line:69] -WARNING:case_id:24000004&step:1123&&certpwd-生成11位的小写字母F插入成功
2019-12-06 14:58:09,601 -E:\gin\Git\generator\generator\tool\operateMysqlClass.py[line:58] -WARNING:mysql closed!!
2019-12-06 15:04:34,920 -E:\gin\Git\generator\generator\tool\generatorCase.py[line:33] -WARNING:generator.ini
2019-12-06 15:04:34,942 -E:\gin\Git\generator\generator\tool\operateMysqlClass.py[line:51] -WARNING:connect mysql successful!!
2019-12-06 15:04:34,961 -E:\gin\Git\generator\generator\tool\operateMysqlClass.py[line:69] -WARNING:case_id:24230004&step:1001&&requestDate-2019年正确日期T插入成功
2019-12-06 15:04:34,964 -E:\gin\Git\generator\generator\tool\operateMysqlClass.py[line:69] -WARNING:case_id:24230004&step:1002&&requestDate-错误月13月F插入成功
2019-12-06 15:04:34,973 -E:\gin\Git\generator\generator\tool\operateMysqlClass.py[line:69] -WARNING:case_id:24230004&step:1003&&requestDate-错误日12月32日F插入成功
2019-12-06 15:04:34,977 -E:\gin\Git\generator\generator\tool\operateMysqlClass.py[line:69] -WARNING:case_id:24230004&step:1004&&requestDate-错误时25时F插入成功
2019-12-06 15:04:34,981 -E:\gin\Git\generator\generator\tool\operateMysqlClass.py[line:69] -WARNING:case_id:24230004&step:1005&&requestDate-错误分60分F插入成功
2019-12-06 15:04:34,985 -E:\gin\Git\generator\generator\tool\operateMysqlClass.py[line:69] -WARNING:case_id:24230004&step:1006&&requestDate-错误秒60秒F插入成功
2019-12-06 15:04:34,997 -E:\gin\Git\generator\generator\tool\operateMysqlClass.py[line:69] -WARNING:case_id:24230004&step:1007&&requestDate-不存在的2月29日F插入成功
2019-12-06 15:04:35,007 -E:\gin\Git\generator\generator\tool\operateMysqlClass.py[line:69] -WARNING:case_id:24230004&step:1008&&requestDate-正确日期时间前后有空格F插入成功
2019-12-06 15:04:35,017 -E:\gin\Git\generator\generator\tool\operateMysqlClass.py[line:69] -WARNING:case_id:24230004&step:1009&&requestDate-正确日期与时间之间多个空格F插入成功
2019-12-06 15:04:35,034 -E:\gin\Git\generator\generator\tool\operateMysqlClass.py[line:69] -WARNING:case_id:24230004&step:1010&&requestDate-年份前多一个0F插入成功
2019-12-06 15:04:35,038 -E:\gin\Git\generator\generator\tool\operateMysqlClass.py[line:69] -WARNING:case_id:24230004&step:1011&&requestDate-日期为10位的小写字母F插入成功
2019-12-06 15:04:35,046 -E:\gin\Git\generator\generator\tool\operateMysqlClass.py[line:69] -WARNING:case_id:24230004&step:1012&&requestDate-日期为10位的大写字母F插入成功
2019-12-06 15:04:35,050 -E:\gin\Git\generator\generator\tool\operateMysqlClass.py[line:69] -WARNING:case_id:24230004&step:1013&&requestDate-日期为10位的小写字母、数字F插入成功
2019-12-06 15:04:35,057 -E:\gin\Git\generator\generator\tool\operateMysqlClass.py[line:69] -WARNING:case_id:24230004&step:1014&&requestDate-日期为10位大写字母、数字F插入成功
2019-12-06 15:04:35,061 -E:\gin\Git\generator\generator\tool\operateMysqlClass.py[line:69] -WARNING:case_id:24230004&step:1015&&requestDate-日期为10位全角数字F插入成功
2019-12-06 15:04:35,103 -E:\gin\Git\generator\generator\tool\operateMysqlClass.py[line:69] -WARNING:case_id:24230004&step:1016&&requestDate-日期为5位的汉字F插入成功
2019-12-06 15:04:35,107 -E:\gin\Git\generator\generator\tool\operateMysqlClass.py[line:69] -WARNING:case_id:24230004&step:1017&&requestDate-日期为10位的特殊符号F插入成功
2019-12-06 15:04:35,111 -E:\gin\Git\generator\generator\tool\operateMysqlClass.py[line:69] -WARNING:case_id:24230004&step:1018&&requestDate-日期为空值F插入成功
2019-12-06 15:04:35,121 -E:\gin\Git\generator\generator\tool\operateMysqlClass.py[line:69] -WARNING:case_id:24230004&step:1019&&requestDate-日期为null值F插入成功
2019-12-06 15:04:35,126 -E:\gin\Git\generator\generator\tool\operateMysqlClass.py[line:69] -WARNING:case_id:24230004&step:1030&&fjh-生成1位的数字T插入成功
2019-12-06 15:04:35,130 -E:\gin\Git\generator\generator\tool\operateMysqlClass.py[line:69] -WARNING:case_id:24230004&step:1031&&fjh-生成2位的数字F插入成功
2019-12-06 15:04:35,133 -E:\gin\Git\generator\generator\tool\operateMysqlClass.py[line:69] -WARNING:case_id:24230004&step:1032&&fjh-生成1位的数字（两边有空格）F插入成功
2019-12-06 15:04:35,137 -E:\gin\Git\generator\generator\tool\operateMysqlClass.py[line:69] -WARNING:case_id:24230004&step:1033&&fjh-生成1位的大写字母T插入成功
2019-12-06 15:04:35,141 -E:\gin\Git\generator\generator\tool\operateMysqlClass.py[line:69] -WARNING:case_id:24230004&step:1034&&fjh-生成2位的大写字母F插入成功
2019-12-06 15:04:35,152 -E:\gin\Git\generator\generator\tool\operateMysqlClass.py[line:69] -WARNING:case_id:24230004&step:1035&&fjh-生成1位的小写字母F插入成功
2019-12-06 15:04:35,158 -E:\gin\Git\generator\generator\tool\operateMysqlClass.py[line:69] -WARNING:case_id:24230004&step:1036&&fjh-生成2位的小写字母F插入成功
2019-12-06 15:04:35,165 -E:\gin\Git\generator\generator\tool\operateMysqlClass.py[line:69] -WARNING:case_id:24230004&step:1037&&fjh-生成2位的小写字母、数字F插入成功
2019-12-06 15:04:35,171 -E:\gin\Git\generator\generator\tool\operateMysqlClass.py[line:69] -WARNING:case_id:24230004&step:1038&&fjh-生成2位大写字母、数字F插入成功
2019-12-06 15:04:35,175 -E:\gin\Git\generator\generator\tool\operateMysqlClass.py[line:69] -WARNING:case_id:24230004&step:1039&&fjh-生成1位的汉字F插入成功
2019-12-06 15:04:35,186 -E:\gin\Git\generator\generator\tool\operateMysqlClass.py[line:69] -WARNING:case_id:24230004&step:1040&&fjh-生成2位的汉字F插入成功
2019-12-06 15:04:35,190 -E:\gin\Git\generator\generator\tool\operateMysqlClass.py[line:69] -WARNING:case_id:24230004&step:1041&&fjh-生成1位的特殊符号F插入成功
2019-12-06 15:04:35,203 -E:\gin\Git\generator\generator\tool\operateMysqlClass.py[line:69] -WARNING:case_id:24230004&step:1042&&fjh-生成空值F插入成功
2019-12-06 15:04:35,208 -E:\gin\Git\generator\generator\tool\operateMysqlClass.py[line:69] -WARNING:case_id:24230004&step:1043&&fjh-生成null值F插入成功
2019-12-06 15:04:35,220 -E:\gin\Git\generator\generator\tool\operateMysqlClass.py[line:69] -WARNING:case_id:24230004&step:1044&&fjh-生成超长位数数字T插入成功
2019-12-06 15:04:35,227 -E:\gin\Git\generator\generator\tool\operateMysqlClass.py[line:69] -WARNING:case_id:24230004&step:1045&&fjh-值为0T插入成功
2019-12-06 15:04:35,231 -E:\gin\Git\generator\generator\tool\operateMysqlClass.py[line:69] -WARNING:case_id:24230004&step:1046&&fjh-值为1T插入成功
2019-12-06 15:04:35,234 -E:\gin\Git\generator\generator\tool\operateMysqlClass.py[line:69] -WARNING:case_id:24230004&step:1047&&fjh-值为2T插入成功
2019-12-06 15:04:35,240 -E:\gin\Git\generator\generator\tool\operateMysqlClass.py[line:69] -WARNING:case_id:24230004&step:1058&&cxys-生成3位的正数T插入成功
2019-12-06 15:04:35,243 -E:\gin\Git\generator\generator\tool\operateMysqlClass.py[line:69] -WARNING:case_id:24230004&step:1059&&cxys-生成4位的正数F插入成功
2019-12-06 15:04:35,246 -E:\gin\Git\generator\generator\tool\operateMysqlClass.py[line:69] -WARNING:case_id:24230004&step:1060&&cxys-生成3位的正数（两边有空格）F插入成功
2019-12-06 15:04:35,257 -E:\gin\Git\generator\generator\tool\operateMysqlClass.py[line:69] -WARNING:case_id:24230004&step:1061&&cxys-生成3位的负数F插入成功
2019-12-06 15:04:35,260 -E:\gin\Git\generator\generator\tool\operateMysqlClass.py[line:69] -WARNING:case_id:24230004&step:1062&&cxys-生成4位的负数F插入成功
2019-12-06 15:04:35,271 -E:\gin\Git\generator\generator\tool\operateMysqlClass.py[line:69] -WARNING:case_id:24230004&step:1063&&cxys-生成3位的小写字母F插入成功
2019-12-06 15:04:35,274 -E:\gin\Git\generator\generator\tool\operateMysqlClass.py[line:69] -WARNING:case_id:24230004&step:1064&&cxys-生成3位的大写字母F插入成功
2019-12-06 15:04:35,284 -E:\gin\Git\generator\generator\tool\operateMysqlClass.py[line:69] -WARNING:case_id:24230004&step:1065&&cxys-生成3位的小写字母、数字F插入成功
2019-12-06 15:04:35,287 -E:\gin\Git\generator\generator\tool\operateMysqlClass.py[line:69] -WARNING:case_id:24230004&step:1066&&cxys-生成3位大写字母、数字F插入成功
2019-12-06 15:04:35,293 -E:\gin\Git\generator\generator\tool\operateMysqlClass.py[line:69] -WARNING:case_id:24230004&step:1067&&cxys-生成1位的汉字F插入成功
2019-12-06 15:04:35,296 -E:\gin\Git\generator\generator\tool\operateMysqlClass.py[line:69] -WARNING:case_id:24230004&step:1068&&cxys-生成3位的特殊符号F插入成功
2019-12-06 15:04:35,307 -E:\gin\Git\generator\generator\tool\operateMysqlClass.py[line:69] -WARNING:case_id:24230004&step:1069&&cxys-生成空值F插入成功
2019-12-06 15:04:35,310 -E:\gin\Git\generator\generator\tool\operateMysqlClass.py[line:69] -WARNING:case_id:24230004&step:1070&&cxys-生成null值F插入成功
2019-12-06 15:04:35,323 -E:\gin\Git\generator\generator\tool\operateMysqlClass.py[line:69] -WARNING:case_id:24230004&step:1081&&ts-生成4,2位的正小数T插入成功
2019-12-06 15:04:35,326 -E:\gin\Git\generator\generator\tool\operateMysqlClass.py[line:69] -WARNING:case_id:24230004&step:1082&&ts-生成4,2位的正小数（两边有空格）F插入成功
2019-12-06 15:04:35,338 -E:\gin\Git\generator\generator\tool\operateMysqlClass.py[line:69] -WARNING:case_id:24230004&step:1083&&ts-生成4,2位的负小数F插入成功
2019-12-06 15:04:35,341 -E:\gin\Git\generator\generator\tool\operateMysqlClass.py[line:69] -WARNING:case_id:24230004&step:1084&&ts-生成5位的负数F插入成功
2019-12-06 15:04:35,344 -E:\gin\Git\generator\generator\tool\operateMysqlClass.py[line:69] -WARNING:case_id:24230004&step:1085&&ts-生成4位的小写字母F插入成功
2019-12-06 15:04:35,348 -E:\gin\Git\generator\generator\tool\operateMysqlClass.py[line:69] -WARNING:case_id:24230004&step:1086&&ts-生成4位的大写字母F插入成功
2019-12-06 15:04:35,351 -E:\gin\Git\generator\generator\tool\operateMysqlClass.py[line:69] -WARNING:case_id:24230004&step:1087&&ts-生成4位的小写字母、数字F插入成功
2019-12-06 15:04:35,354 -E:\gin\Git\generator\generator\tool\operateMysqlClass.py[line:69] -WARNING:case_id:24230004&step:1088&&ts-生成4位大写字母、数字F插入成功
2019-12-06 15:04:35,358 -E:\gin\Git\generator\generator\tool\operateMysqlClass.py[line:69] -WARNING:case_id:24230004&step:1089&&ts-生成2位的汉字F插入成功
2019-12-06 15:04:35,361 -E:\gin\Git\generator\generator\tool\operateMysqlClass.py[line:69] -WARNING:case_id:24230004&step:1090&&ts-生成4位的特殊符号F插入成功
2019-12-06 15:04:35,398 -E:\gin\Git\generator\generator\tool\operateMysqlClass.py[line:69] -WARNING:case_id:24230004&step:1091&&ts-生成空值F插入成功
2019-12-06 15:04:35,403 -E:\gin\Git\generator\generator\tool\operateMysqlClass.py[line:69] -WARNING:case_id:24230004&step:1092&&ts-生成null值F插入成功
2019-12-06 15:04:35,413 -E:\gin\Git\generator\generator\tool\operateMysqlClass.py[line:69] -WARNING:case_id:24230004&step:1103&&certpwd-生成12位的数字T插入成功
2019-12-06 15:04:35,419 -E:\gin\Git\generator\generator\tool\operateMysqlClass.py[line:69] -WARNING:case_id:24230004&step:1104&&certpwd-生成13位的数字F插入成功
2019-12-06 15:04:35,425 -E:\gin\Git\generator\generator\tool\operateMysqlClass.py[line:69] -WARNING:case_id:24230004&step:1105&&certpwd-生成12位的数字（两边有空格）T插入成功
2019-12-06 15:04:35,431 -E:\gin\Git\generator\generator\tool\operateMysqlClass.py[line:69] -WARNING:case_id:24230004&step:1106&&certpwd-生成12位的大写字母T插入成功
2019-12-06 15:04:35,437 -E:\gin\Git\generator\generator\tool\operateMysqlClass.py[line:69] -WARNING:case_id:24230004&step:1107&&certpwd-生成13位的大写字母F插入成功
2019-12-06 15:04:35,446 -E:\gin\Git\generator\generator\tool\operateMysqlClass.py[line:69] -WARNING:case_id:24230004&step:1108&&certpwd-生成12位的小写字母T插入成功
2019-12-06 15:04:35,461 -E:\gin\Git\generator\generator\tool\operateMysqlClass.py[line:69] -WARNING:case_id:24230004&step:1109&&certpwd-生成13位的小写字母F插入成功
2019-12-06 15:04:35,469 -E:\gin\Git\generator\generator\tool\operateMysqlClass.py[line:69] -WARNING:case_id:24230004&step:1110&&certpwd-生成12位的小写字母、数字T插入成功
2019-12-06 15:04:35,475 -E:\gin\Git\generator\generator\tool\operateMysqlClass.py[line:69] -WARNING:case_id:24230004&step:1111&&certpwd-生成13位的小写字母、数字F插入成功
2019-12-06 15:04:35,478 -E:\gin\Git\generator\generator\tool\operateMysqlClass.py[line:69] -WARNING:case_id:24230004&step:1112&&certpwd-生成12位大写字母、数字T插入成功
2019-12-06 15:04:35,481 -E:\gin\Git\generator\generator\tool\operateMysqlClass.py[line:69] -WARNING:case_id:24230004&step:1113&&certpwd-生成13位大写字母、数字F插入成功
2019-12-06 15:04:35,485 -E:\gin\Git\generator\generator\tool\operateMysqlClass.py[line:69] -WARNING:case_id:24230004&step:1114&&certpwd-生成12位大小写字母、数字T插入成功
2019-12-06 15:04:35,496 -E:\gin\Git\generator\generator\tool\operateMysqlClass.py[line:69] -WARNING:case_id:24230004&step:1115&&certpwd-生成12位大小写字母T插入成功
2019-12-06 15:04:35,501 -E:\gin\Git\generator\generator\tool\operateMysqlClass.py[line:69] -WARNING:case_id:24230004&step:1116&&certpwd-生成6位的汉字T插入成功
2019-12-06 15:04:35,510 -E:\gin\Git\generator\generator\tool\operateMysqlClass.py[line:69] -WARNING:case_id:24230004&step:1117&&certpwd-生成7位的汉字F插入成功
2019-12-06 15:04:35,513 -E:\gin\Git\generator\generator\tool\operateMysqlClass.py[line:69] -WARNING:case_id:24230004&step:1118&&certpwd-生成12位的特殊符号T插入成功
2019-12-06 15:04:35,519 -E:\gin\Git\generator\generator\tool\operateMysqlClass.py[line:69] -WARNING:case_id:24230004&step:1119&&certpwd-生成空值F插入成功
2019-12-06 15:04:35,524 -E:\gin\Git\generator\generator\tool\operateMysqlClass.py[line:69] -WARNING:case_id:24230004&step:1120&&certpwd-生成null值F插入成功
2019-12-06 15:04:35,527 -E:\gin\Git\generator\generator\tool\operateMysqlClass.py[line:69] -WARNING:case_id:24230004&step:1121&&certpwd-生成11位的数字T插入成功
2019-12-06 15:04:35,531 -E:\gin\Git\generator\generator\tool\operateMysqlClass.py[line:69] -WARNING:case_id:24230004&step:1122&&certpwd-生成11位的大写字母F插入成功
2019-12-06 15:04:35,537 -E:\gin\Git\generator\generator\tool\operateMysqlClass.py[line:69] -WARNING:case_id:24230004&step:1123&&certpwd-生成11位的小写字母F插入成功
2019-12-06 15:04:35,537 -E:\gin\Git\generator\generator\tool\operateMysqlClass.py[line:58] -WARNING:mysql closed!!
2019-12-06 15:22:05,530 -E:\gin\Git\generator\generator\tool\generatorCase.py[line:33] -WARNING:generator.ini
2019-12-06 15:22:05,550 -E:\gin\Git\generator\generator\tool\operateMysqlClass.py[line:51] -WARNING:connect mysql successful!!
2019-12-06 15:22:05,559 -E:\gin\Git\generator\generator\tool\operateMysqlClass.py[line:69] -WARNING:case_id:24230004&step:1001&&requestDate-2019年正确日期T插入成功
2019-12-06 15:22:05,563 -E:\gin\Git\generator\generator\tool\operateMysqlClass.py[line:69] -WARNING:case_id:24230004&step:1002&&requestDate-错误月13月F插入成功
2019-12-06 15:22:05,566 -E:\gin\Git\generator\generator\tool\operateMysqlClass.py[line:69] -WARNING:case_id:24230004&step:1003&&requestDate-错误日12月32日F插入成功
2019-12-06 15:22:05,570 -E:\gin\Git\generator\generator\tool\operateMysqlClass.py[line:69] -WARNING:case_id:24230004&step:1004&&requestDate-错误时25时F插入成功
2019-12-06 15:22:05,573 -E:\gin\Git\generator\generator\tool\operateMysqlClass.py[line:69] -WARNING:case_id:24230004&step:1005&&requestDate-错误分60分F插入成功
2019-12-06 15:22:05,578 -E:\gin\Git\generator\generator\tool\operateMysqlClass.py[line:69] -WARNING:case_id:24230004&step:1006&&requestDate-错误秒60秒F插入成功
2019-12-06 15:22:05,582 -E:\gin\Git\generator\generator\tool\operateMysqlClass.py[line:69] -WARNING:case_id:24230004&step:1007&&requestDate-不存在的2月29日F插入成功
2019-12-06 15:22:05,586 -E:\gin\Git\generator\generator\tool\operateMysqlClass.py[line:69] -WARNING:case_id:24230004&step:1008&&requestDate-正确日期时间前后有空格F插入成功
2019-12-06 15:22:05,591 -E:\gin\Git\generator\generator\tool\operateMysqlClass.py[line:69] -WARNING:case_id:24230004&step:1009&&requestDate-正确日期与时间之间多个空格F插入成功
2019-12-06 15:22:05,594 -E:\gin\Git\generator\generator\tool\operateMysqlClass.py[line:69] -WARNING:case_id:24230004&step:1010&&requestDate-年份前多一个0F插入成功
2019-12-06 15:22:05,597 -E:\gin\Git\generator\generator\tool\operateMysqlClass.py[line:69] -WARNING:case_id:24230004&step:1011&&requestDate-日期为10位的小写字母F插入成功
2019-12-06 15:22:05,601 -E:\gin\Git\generator\generator\tool\operateMysqlClass.py[line:69] -WARNING:case_id:24230004&step:1012&&requestDate-日期为10位的大写字母F插入成功
2019-12-06 15:22:05,604 -E:\gin\Git\generator\generator\tool\operateMysqlClass.py[line:69] -WARNING:case_id:24230004&step:1013&&requestDate-日期为10位的小写字母、数字F插入成功
2019-12-06 15:22:05,608 -E:\gin\Git\generator\generator\tool\operateMysqlClass.py[line:69] -WARNING:case_id:24230004&step:1014&&requestDate-日期为10位大写字母、数字F插入成功
2019-12-06 15:22:05,612 -E:\gin\Git\generator\generator\tool\operateMysqlClass.py[line:69] -WARNING:case_id:24230004&step:1015&&requestDate-日期为10位全角数字F插入成功
2019-12-06 15:22:05,616 -E:\gin\Git\generator\generator\tool\operateMysqlClass.py[line:69] -WARNING:case_id:24230004&step:1016&&requestDate-日期为5位的汉字F插入成功
2019-12-06 15:22:05,620 -E:\gin\Git\generator\generator\tool\operateMysqlClass.py[line:69] -WARNING:case_id:24230004&step:1017&&requestDate-日期为10位的特殊符号F插入成功
2019-12-06 15:22:05,625 -E:\gin\Git\generator\generator\tool\operateMysqlClass.py[line:69] -WARNING:case_id:24230004&step:1018&&requestDate-日期为空值F插入成功
2019-12-06 15:22:05,627 -E:\gin\Git\generator\generator\tool\operateMysqlClass.py[line:69] -WARNING:case_id:24230004&step:1019&&requestDate-日期为null值F插入成功
2019-12-06 15:22:05,632 -E:\gin\Git\generator\generator\tool\operateMysqlClass.py[line:69] -WARNING:case_id:24230004&step:1030&&fjh-生成1位的数字T插入成功
2019-12-06 15:22:05,635 -E:\gin\Git\generator\generator\tool\operateMysqlClass.py[line:69] -WARNING:case_id:24230004&step:1031&&fjh-生成2位的数字F插入成功
2019-12-06 15:22:05,638 -E:\gin\Git\generator\generator\tool\operateMysqlClass.py[line:69] -WARNING:case_id:24230004&step:1032&&fjh-生成1位的数字（两边有空格）F插入成功
2019-12-06 15:22:05,642 -E:\gin\Git\generator\generator\tool\operateMysqlClass.py[line:69] -WARNING:case_id:24230004&step:1033&&fjh-生成1位的大写字母T插入成功
2019-12-06 15:22:05,645 -E:\gin\Git\generator\generator\tool\operateMysqlClass.py[line:69] -WARNING:case_id:24230004&step:1034&&fjh-生成2位的大写字母F插入成功
2019-12-06 15:22:05,648 -E:\gin\Git\generator\generator\tool\operateMysqlClass.py[line:69] -WARNING:case_id:24230004&step:1035&&fjh-生成1位的小写字母F插入成功
2019-12-06 15:22:05,651 -E:\gin\Git\generator\generator\tool\operateMysqlClass.py[line:69] -WARNING:case_id:24230004&step:1036&&fjh-生成2位的小写字母F插入成功
2019-12-06 15:22:05,655 -E:\gin\Git\generator\generator\tool\operateMysqlClass.py[line:69] -WARNING:case_id:24230004&step:1037&&fjh-生成2位的小写字母、数字F插入成功
2019-12-06 15:22:05,661 -E:\gin\Git\generator\generator\tool\operateMysqlClass.py[line:69] -WARNING:case_id:24230004&step:1038&&fjh-生成2位大写字母、数字F插入成功
2019-12-06 15:22:05,664 -E:\gin\Git\generator\generator\tool\operateMysqlClass.py[line:69] -WARNING:case_id:24230004&step:1039&&fjh-生成1位的汉字F插入成功
2019-12-06 15:22:05,667 -E:\gin\Git\generator\generator\tool\operateMysqlClass.py[line:69] -WARNING:case_id:24230004&step:1040&&fjh-生成2位的汉字F插入成功
2019-12-06 15:22:05,670 -E:\gin\Git\generator\generator\tool\operateMysqlClass.py[line:69] -WARNING:case_id:24230004&step:1041&&fjh-生成1位的特殊符号F插入成功
2019-12-06 15:22:05,672 -E:\gin\Git\generator\generator\tool\operateMysqlClass.py[line:69] -WARNING:case_id:24230004&step:1042&&fjh-生成空值F插入成功
2019-12-06 15:22:05,676 -E:\gin\Git\generator\generator\tool\operateMysqlClass.py[line:69] -WARNING:case_id:24230004&step:1043&&fjh-生成null值F插入成功
2019-12-06 15:22:05,679 -E:\gin\Git\generator\generator\tool\operateMysqlClass.py[line:69] -WARNING:case_id:24230004&step:1044&&fjh-生成超长位数数字T插入成功
2019-12-06 15:22:05,682 -E:\gin\Git\generator\generator\tool\operateMysqlClass.py[line:69] -WARNING:case_id:24230004&step:1045&&fjh-值为0T插入成功
2019-12-06 15:22:05,685 -E:\gin\Git\generator\generator\tool\operateMysqlClass.py[line:69] -WARNING:case_id:24230004&step:1046&&fjh-值为1T插入成功
2019-12-06 15:22:05,688 -E:\gin\Git\generator\generator\tool\operateMysqlClass.py[line:69] -WARNING:case_id:24230004&step:1047&&fjh-值为2T插入成功
2019-12-06 15:22:05,693 -E:\gin\Git\generator\generator\tool\operateMysqlClass.py[line:69] -WARNING:case_id:24230004&step:1058&&cxys-生成3位的正数T插入成功
2019-12-06 15:22:05,697 -E:\gin\Git\generator\generator\tool\operateMysqlClass.py[line:69] -WARNING:case_id:24230004&step:1059&&cxys-生成4位的正数F插入成功
2019-12-06 15:22:05,700 -E:\gin\Git\generator\generator\tool\operateMysqlClass.py[line:69] -WARNING:case_id:24230004&step:1060&&cxys-生成3位的正数（两边有空格）F插入成功
2019-12-06 15:22:05,704 -E:\gin\Git\generator\generator\tool\operateMysqlClass.py[line:69] -WARNING:case_id:24230004&step:1061&&cxys-生成3位的负数F插入成功
2019-12-06 15:22:05,707 -E:\gin\Git\generator\generator\tool\operateMysqlClass.py[line:69] -WARNING:case_id:24230004&step:1062&&cxys-生成4位的负数F插入成功
2019-12-06 15:22:05,711 -E:\gin\Git\generator\generator\tool\operateMysqlClass.py[line:69] -WARNING:case_id:24230004&step:1063&&cxys-生成3位的小写字母F插入成功
2019-12-06 15:22:05,713 -E:\gin\Git\generator\generator\tool\operateMysqlClass.py[line:69] -WARNING:case_id:24230004&step:1064&&cxys-生成3位的大写字母F插入成功
2019-12-06 15:22:05,716 -E:\gin\Git\generator\generator\tool\operateMysqlClass.py[line:69] -WARNING:case_id:24230004&step:1065&&cxys-生成3位的小写字母、数字F插入成功
2019-12-06 15:22:05,720 -E:\gin\Git\generator\generator\tool\operateMysqlClass.py[line:69] -WARNING:case_id:24230004&step:1066&&cxys-生成3位大写字母、数字F插入成功
2019-12-06 15:22:05,723 -E:\gin\Git\generator\generator\tool\operateMysqlClass.py[line:69] -WARNING:case_id:24230004&step:1067&&cxys-生成1位的汉字F插入成功
2019-12-06 15:22:05,726 -E:\gin\Git\generator\generator\tool\operateMysqlClass.py[line:69] -WARNING:case_id:24230004&step:1068&&cxys-生成3位的特殊符号F插入成功
2019-12-06 15:22:05,730 -E:\gin\Git\generator\generator\tool\operateMysqlClass.py[line:69] -WARNING:case_id:24230004&step:1069&&cxys-生成空值F插入成功
2019-12-06 15:22:05,733 -E:\gin\Git\generator\generator\tool\operateMysqlClass.py[line:69] -WARNING:case_id:24230004&step:1070&&cxys-生成null值F插入成功
2019-12-06 15:22:05,737 -E:\gin\Git\generator\generator\tool\operateMysqlClass.py[line:69] -WARNING:case_id:24230004&step:1081&&ts-生成4,2位的正小数T插入成功
2019-12-06 15:22:05,741 -E:\gin\Git\generator\generator\tool\operateMysqlClass.py[line:69] -WARNING:case_id:24230004&step:1082&&ts-生成4,2位的正小数（两边有空格）F插入成功
2019-12-06 15:22:05,744 -E:\gin\Git\generator\generator\tool\operateMysqlClass.py[line:69] -WARNING:case_id:24230004&step:1083&&ts-生成4,2位的负小数F插入成功
2019-12-06 15:22:05,747 -E:\gin\Git\generator\generator\tool\operateMysqlClass.py[line:69] -WARNING:case_id:24230004&step:1084&&ts-生成5位的负数F插入成功
2019-12-06 15:22:05,750 -E:\gin\Git\generator\generator\tool\operateMysqlClass.py[line:69] -WARNING:case_id:24230004&step:1085&&ts-生成4位的小写字母F插入成功
2019-12-06 15:22:05,753 -E:\gin\Git\generator\generator\tool\operateMysqlClass.py[line:69] -WARNING:case_id:24230004&step:1086&&ts-生成4位的大写字母F插入成功
2019-12-06 15:22:05,756 -E:\gin\Git\generator\generator\tool\operateMysqlClass.py[line:69] -WARNING:case_id:24230004&step:1087&&ts-生成4位的小写字母、数字F插入成功
2019-12-06 15:22:05,760 -E:\gin\Git\generator\generator\tool\operateMysqlClass.py[line:69] -WARNING:case_id:24230004&step:1088&&ts-生成4位大写字母、数字F插入成功
2019-12-06 15:22:05,763 -E:\gin\Git\generator\generator\tool\operateMysqlClass.py[line:69] -WARNING:case_id:24230004&step:1089&&ts-生成2位的汉字F插入成功
2019-12-06 15:22:05,766 -E:\gin\Git\generator\generator\tool\operateMysqlClass.py[line:69] -WARNING:case_id:24230004&step:1090&&ts-生成4位的特殊符号F插入成功
2019-12-06 15:22:05,769 -E:\gin\Git\generator\generator\tool\operateMysqlClass.py[line:69] -WARNING:case_id:24230004&step:1091&&ts-生成空值F插入成功
2019-12-06 15:22:05,772 -E:\gin\Git\generator\generator\tool\operateMysqlClass.py[line:69] -WARNING:case_id:24230004&step:1092&&ts-生成null值F插入成功
2019-12-06 15:22:05,777 -E:\gin\Git\generator\generator\tool\operateMysqlClass.py[line:69] -WARNING:case_id:24230004&step:1103&&certpwd-生成12位的数字T插入成功
2019-12-06 15:22:05,779 -E:\gin\Git\generator\generator\tool\operateMysqlClass.py[line:69] -WARNING:case_id:24230004&step:1104&&certpwd-生成13位的数字F插入成功
2019-12-06 15:22:05,784 -E:\gin\Git\generator\generator\tool\operateMysqlClass.py[line:69] -WARNING:case_id:24230004&step:1105&&certpwd-生成12位的数字（两边有空格）T插入成功
2019-12-06 15:22:05,787 -E:\gin\Git\generator\generator\tool\operateMysqlClass.py[line:69] -WARNING:case_id:24230004&step:1106&&certpwd-生成12位的大写字母T插入成功
2019-12-06 15:22:05,791 -E:\gin\Git\generator\generator\tool\operateMysqlClass.py[line:69] -WARNING:case_id:24230004&step:1107&&certpwd-生成13位的大写字母F插入成功
2019-12-06 15:22:05,795 -E:\gin\Git\generator\generator\tool\operateMysqlClass.py[line:69] -WARNING:case_id:24230004&step:1108&&certpwd-生成12位的小写字母T插入成功
2019-12-06 15:22:05,798 -E:\gin\Git\generator\generator\tool\operateMysqlClass.py[line:69] -WARNING:case_id:24230004&step:1109&&certpwd-生成13位的小写字母F插入成功
2019-12-06 15:22:05,801 -E:\gin\Git\generator\generator\tool\operateMysqlClass.py[line:69] -WARNING:case_id:24230004&step:1110&&certpwd-生成12位的小写字母、数字T插入成功
2019-12-06 15:22:05,805 -E:\gin\Git\generator\generator\tool\operateMysqlClass.py[line:69] -WARNING:case_id:24230004&step:1111&&certpwd-生成13位的小写字母、数字F插入成功
2019-12-06 15:22:05,808 -E:\gin\Git\generator\generator\tool\operateMysqlClass.py[line:69] -WARNING:case_id:24230004&step:1112&&certpwd-生成12位大写字母、数字T插入成功
2019-12-06 15:22:05,812 -E:\gin\Git\generator\generator\tool\operateMysqlClass.py[line:69] -WARNING:case_id:24230004&step:1113&&certpwd-生成13位大写字母、数字F插入成功
2019-12-06 15:22:05,816 -E:\gin\Git\generator\generator\tool\operateMysqlClass.py[line:69] -WARNING:case_id:24230004&step:1114&&certpwd-生成12位大小写字母、数字T插入成功
2019-12-06 15:22:05,819 -E:\gin\Git\generator\generator\tool\operateMysqlClass.py[line:69] -WARNING:case_id:24230004&step:1115&&certpwd-生成12位大小写字母T插入成功
2019-12-06 15:22:05,822 -E:\gin\Git\generator\generator\tool\operateMysqlClass.py[line:69] -WARNING:case_id:24230004&step:1116&&certpwd-生成6位的汉字T插入成功
2019-12-06 15:22:05,826 -E:\gin\Git\generator\generator\tool\operateMysqlClass.py[line:69] -WARNING:case_id:24230004&step:1117&&certpwd-生成7位的汉字F插入成功
2019-12-06 15:22:05,829 -E:\gin\Git\generator\generator\tool\operateMysqlClass.py[line:69] -WARNING:case_id:24230004&step:1118&&certpwd-生成12位的特殊符号T插入成功
2019-12-06 15:22:05,832 -E:\gin\Git\generator\generator\tool\operateMysqlClass.py[line:69] -WARNING:case_id:24230004&step:1119&&certpwd-生成空值F插入成功
2019-12-06 15:22:05,836 -E:\gin\Git\generator\generator\tool\operateMysqlClass.py[line:69] -WARNING:case_id:24230004&step:1120&&certpwd-生成null值F插入成功
2019-12-06 15:22:05,838 -E:\gin\Git\generator\generator\tool\operateMysqlClass.py[line:69] -WARNING:case_id:24230004&step:1121&&certpwd-生成11位的数字T插入成功
2019-12-06 15:22:05,841 -E:\gin\Git\generator\generator\tool\operateMysqlClass.py[line:69] -WARNING:case_id:24230004&step:1122&&certpwd-生成11位的大写字母F插入成功
2019-12-06 15:22:05,845 -E:\gin\Git\generator\generator\tool\operateMysqlClass.py[line:69] -WARNING:case_id:24230004&step:1123&&certpwd-生成11位的小写字母F插入成功
2019-12-06 15:22:05,845 -E:\gin\Git\generator\generator\tool\operateMysqlClass.py[line:58] -WARNING:mysql closed!!
2019-12-06 15:54:02,199 -E:\gin\Git\generator\generator\tool\generatorCase.py[line:33] -WARNING:generator.ini
2019-12-06 15:54:02,218 -E:\gin\Git\generator\generator\tool\operateMysqlClass.py[line:51] -WARNING:connect mysql successful!!
2019-12-06 15:54:02,226 -E:\gin\Git\generator\generator\tool\operateMysqlClass.py[line:69] -WARNING:case_id:24230004&step:100002&&djbm为0006、mbdm为0007F插入成功
2019-12-06 15:54:02,234 -E:\gin\Git\generator\generator\tool\operateMysqlClass.py[line:69] -WARNING:case_id:24230004&step:100003&&djbm为0006、mbdm为0007F插入成功
2019-12-06 15:54:02,239 -E:\gin\Git\generator\generator\tool\operateMysqlClass.py[line:69] -WARNING:case_id:24230004&step:100014&&djbm为0007、mbdm为0006F插入成功
2019-12-06 15:54:02,243 -E:\gin\Git\generator\generator\tool\operateMysqlClass.py[line:69] -WARNING:case_id:24230004&step:100015&&djbm为0007、mbdm为0006F插入成功
2019-12-06 15:54:02,247 -E:\gin\Git\generator\generator\tool\operateMysqlClass.py[line:69] -WARNING:case_id:24230004&step:100026&&djbm为0008、mbdm为0008F插入成功
2019-12-06 15:54:02,250 -E:\gin\Git\generator\generator\tool\operateMysqlClass.py[line:69] -WARNING:case_id:24230004&step:100027&&djbm为0008、mbdm为0008F插入成功
2019-12-06 15:54:02,253 -E:\gin\Git\generator\generator\tool\operateMysqlClass.py[line:69] -WARNING:case_id:24230004&step:100028&&djbm为0008、mbdm为0008F插入成功
2019-12-06 15:54:02,257 -E:\gin\Git\generator\generator\tool\operateMysqlClass.py[line:69] -WARNING:case_id:24230004&step:100039&&djbm为0009、mbdm为0009F插入成功
2019-12-06 15:54:02,261 -E:\gin\Git\generator\generator\tool\operateMysqlClass.py[line:69] -WARNING:case_id:24230004&step:100040&&djbm为0009、mbdm为0009F插入成功
2019-12-06 15:54:02,265 -E:\gin\Git\generator\generator\tool\operateMysqlClass.py[line:69] -WARNING:case_id:24230004&step:100041&&djbm为0009、mbdm为0009F插入成功
2019-12-06 15:54:02,269 -E:\gin\Git\generator\generator\tool\operateMysqlClass.py[line:69] -WARNING:case_id:24230004&step:100042&&djbm为0009、mbdm为0009F插入成功
2019-12-06 15:54:02,271 -E:\gin\Git\generator\generator\tool\operateMysqlClass.py[line:58] -WARNING:mysql closed!!
2019-12-06 15:55:26,683 -E:\gin\Git\generator\generator\tool\generatorCase.py[line:33] -WARNING:generator.ini
2019-12-06 15:55:26,704 -E:\gin\Git\generator\generator\tool\operateMysqlClass.py[line:51] -WARNING:connect mysql successful!!
2019-12-06 15:55:26,711 -E:\gin\Git\generator\generator\tool\operateMysqlClass.py[line:69] -WARNING:case_id:24230004&step:100002&&djbm为0006、mbdm为0007F插入成功
2019-12-06 15:55:26,716 -E:\gin\Git\generator\generator\tool\operateMysqlClass.py[line:69] -WARNING:case_id:24230004&step:100013&&djbm为0007、mbdm为0006F插入成功
2019-12-06 15:55:26,720 -E:\gin\Git\generator\generator\tool\operateMysqlClass.py[line:69] -WARNING:case_id:24230004&step:100024&&djbm为0008、mbdm为0008F插入成功
2019-12-06 15:55:26,724 -E:\gin\Git\generator\generator\tool\operateMysqlClass.py[line:69] -WARNING:case_id:24230004&step:100035&&djbm为0009、mbdm为0009F插入成功
2019-12-06 15:55:26,724 -E:\gin\Git\generator\generator\tool\operateMysqlClass.py[line:58] -WARNING:mysql closed!!
